{"C:\\Users\\vladi\\web\\code\\projects\\greenbook-fullstack\\client\\src\\App.tsx": {"path":"C:\\Users\\vladi\\web\\code\\projects\\greenbook-fullstack\\client\\src\\App.tsx","statementMap":{"0":{"start":{"line":12,"column":19},"end":{"line":12,"column":35}},"1":{"start":{"line":14,"column":2},"end":{"line":22,"column":9}},"2":{"start":{"line":15,"column":27},"end":{"line":19,"column":5}},"3":{"start":{"line":16,"column":6},"end":{"line":16,"column":28}},"4":{"start":{"line":17,"column":6},"end":{"line":17,"column":37}},"5":{"start":{"line":18,"column":6},"end":{"line":18,"column":26}},"6":{"start":{"line":21,"column":4},"end":{"line":21,"column":21}},"7":{"start":{"line":25,"column":2},"end":{"line":27,"column":3}}},"fnMap":{"0":{"name":"App","decl":{"start":{"line":11,"column":9},"end":{"line":11,"column":12}},"loc":{"start":{"line":11,"column":15},"end":{"line":28,"column":1}},"line":11},"1":{"name":"(anonymous_1)","decl":{"start":{"line":14,"column":12},"end":{"line":14,"column":13}},"loc":{"start":{"line":14,"column":18},"end":{"line":22,"column":3}},"line":14},"2":{"name":"(anonymous_2)","decl":{"start":{"line":15,"column":27},"end":{"line":15,"column":28}},"loc":{"start":{"line":15,"column":39},"end":{"line":19,"column":5}},"line":15}},"branchMap":{},"s":{"0":0,"1":0,"2":0,"3":0,"4":0,"5":0,"6":0,"7":0},"f":{"0":0,"1":0,"2":0},"b":{}}
,"C:\\Users\\vladi\\web\\code\\projects\\greenbook-fullstack\\client\\src\\constants.ts": {"path":"C:\\Users\\vladi\\web\\code\\projects\\greenbook-fullstack\\client\\src\\constants.ts","statementMap":{"0":{"start":{"line":1,"column":23},"end":{"line":1,"column":50}},"1":{"start":{"line":4,"column":44},"end":{"line":4,"column":90}},"2":{"start":{"line":5,"column":47},"end":{"line":5,"column":81}},"3":{"start":{"line":6,"column":55},"end":{"line":6,"column":103}},"4":{"start":{"line":7,"column":41},"end":{"line":7,"column":75}},"5":{"start":{"line":8,"column":44},"end":{"line":8,"column":61}},"6":{"start":{"line":10,"column":32},"end":{"line":17,"column":1}},"7":{"start":{"line":19,"column":24},"end":{"line":24,"column":1}}},"fnMap":{},"branchMap":{},"s":{"0":0,"1":0,"2":0,"3":0,"4":0,"5":0,"6":0,"7":0},"f":{},"b":{}}
,"C:\\Users\\vladi\\web\\code\\projects\\greenbook-fullstack\\client\\src\\main.tsx": {"path":"C:\\Users\\vladi\\web\\code\\projects\\greenbook-fullstack\\client\\src\\main.tsx","statementMap":{"0":{"start":{"line":12,"column":0},"end":{"line":16,"column":1}}},"fnMap":{},"branchMap":{},"s":{"0":0},"f":{},"b":{}}
,"C:\\Users\\vladi\\web\\code\\projects\\greenbook-fullstack\\client\\src\\types.ts": {"path":"C:\\Users\\vladi\\web\\code\\projects\\greenbook-fullstack\\client\\src\\types.ts","statementMap":{},"fnMap":{},"branchMap":{},"s":{},"f":{},"b":{}}
,"C:\\Users\\vladi\\web\\code\\projects\\greenbook-fullstack\\client\\src\\vite-env.d.ts": {"path":"C:\\Users\\vladi\\web\\code\\projects\\greenbook-fullstack\\client\\src\\vite-env.d.ts","statementMap":{},"fnMap":{},"branchMap":{},"s":{},"f":{},"b":{}}
,"C:\\Users\\vladi\\web\\code\\projects\\greenbook-fullstack\\client\\src\\components\\Layout.tsx": {"path":"C:\\Users\\vladi\\web\\code\\projects\\greenbook-fullstack\\client\\src\\components\\Layout.tsx","statementMap":{"0":{"start":{"line":9,"column":2},"end":{"line":15,"column":4}}},"fnMap":{"0":{"name":"Layout","decl":{"start":{"line":8,"column":9},"end":{"line":8,"column":15}},"loc":{"start":{"line":8,"column":57},"end":{"line":16,"column":1}},"line":8}},"branchMap":{"0":{"loc":{"start":{"line":12,"column":7},"end":{"line":12,"column":29}},"type":"binary-expr","locations":[{"start":{"line":12,"column":7},"end":{"line":12,"column":15}},{"start":{"line":12,"column":19},"end":{"line":12,"column":29}}],"line":12}},"s":{"0":0},"f":{"0":0},"b":{"0":[0,0]}}
,"C:\\Users\\vladi\\web\\code\\projects\\greenbook-fullstack\\client\\src\\components\\AuthForm\\index.ts": {"path":"C:\\Users\\vladi\\web\\code\\projects\\greenbook-fullstack\\client\\src\\components\\AuthForm\\index.ts","statementMap":{},"fnMap":{},"branchMap":{},"s":{},"f":{},"b":{}}
,"C:\\Users\\vladi\\web\\code\\projects\\greenbook-fullstack\\client\\src\\components\\AuthForm\\Button\\index.tsx": {"path":"C:\\Users\\vladi\\web\\code\\projects\\greenbook-fullstack\\client\\src\\components\\AuthForm\\Button\\index.tsx","statementMap":{"0":{"start":{"line":8,"column":2},"end":{"line":16,"column":4}}},"fnMap":{"0":{"name":"Button","decl":{"start":{"line":6,"column":9},"end":{"line":6,"column":15}},"loc":{"start":{"line":6,"column":67},"end":{"line":17,"column":1}},"line":6}},"branchMap":{},"s":{"0":0},"f":{"0":0},"b":{}}
,"C:\\Users\\vladi\\web\\code\\projects\\greenbook-fullstack\\client\\src\\components\\AuthForm\\Form\\index.tsx": {"path":"C:\\Users\\vladi\\web\\code\\projects\\greenbook-fullstack\\client\\src\\components\\AuthForm\\Form\\index.tsx","statementMap":{"0":{"start":{"line":12,"column":2},"end":{"line":19,"column":4}}},"fnMap":{"0":{"name":"Form","decl":{"start":{"line":11,"column":9},"end":{"line":11,"column":13}},"loc":{"start":{"line":11,"column":60},"end":{"line":20,"column":1}},"line":11}},"branchMap":{},"s":{"0":0},"f":{"0":0},"b":{}}
,"C:\\Users\\vladi\\web\\code\\projects\\greenbook-fullstack\\client\\src\\components\\AuthForm\\FormCheckbox\\index.tsx": {"path":"C:\\Users\\vladi\\web\\code\\projects\\greenbook-fullstack\\client\\src\\components\\AuthForm\\FormCheckbox\\index.tsx","statementMap":{"0":{"start":{"line":7,"column":2},"end":{"line":11,"column":4}}},"fnMap":{"0":{"name":"FormCheckbox","decl":{"start":{"line":5,"column":9},"end":{"line":5,"column":21}},"loc":{"start":{"line":5,"column":63},"end":{"line":12,"column":1}},"line":5}},"branchMap":{},"s":{"0":0},"f":{"0":0},"b":{}}
,"C:\\Users\\vladi\\web\\code\\projects\\greenbook-fullstack\\client\\src\\components\\AuthForm\\inputs\\Input.tsx": {"path":"C:\\Users\\vladi\\web\\code\\projects\\greenbook-fullstack\\client\\src\\components\\AuthForm\\inputs\\Input.tsx","statementMap":{"0":{"start":{"line":9,"column":2},"end":{"line":18,"column":4}}},"fnMap":{"0":{"name":"Input","decl":{"start":{"line":7,"column":9},"end":{"line":7,"column":14}},"loc":{"start":{"line":7,"column":61},"end":{"line":20,"column":1}},"line":7}},"branchMap":{"0":{"loc":{"start":{"line":7,"column":16},"end":{"line":7,"column":29}},"type":"default-arg","locations":[{"start":{"line":7,"column":24},"end":{"line":7,"column":29}}],"line":7},"1":{"loc":{"start":{"line":7,"column":31},"end":{"line":7,"column":48}},"type":"default-arg","locations":[{"start":{"line":7,"column":46},"end":{"line":7,"column":48}}],"line":7},"2":{"loc":{"start":{"line":12,"column":46},"end":{"line":12,"column":74}},"type":"binary-expr","locations":[{"start":{"line":12,"column":46},"end":{"line":12,"column":51}},{"start":{"line":12,"column":55},"end":{"line":12,"column":74}}],"line":12},"3":{"loc":{"start":{"line":14,"column":7},"end":{"line":15,"column":67}},"type":"binary-expr","locations":[{"start":{"line":14,"column":7},"end":{"line":14,"column":19}},{"start":{"line":14,"column":23},"end":{"line":14,"column":28}},{"start":{"line":15,"column":8},"end":{"line":15,"column":67}}],"line":14}},"s":{"0":0},"f":{"0":0},"b":{"0":[0],"1":[0],"2":[0,0],"3":[0,0,0]}}
,"C:\\Users\\vladi\\web\\code\\projects\\greenbook-fullstack\\client\\src\\components\\AuthForm\\inputs\\InputPassword.tsx": {"path":"C:\\Users\\vladi\\web\\code\\projects\\greenbook-fullstack\\client\\src\\components\\AuthForm\\inputs\\InputPassword.tsx","statementMap":{"0":{"start":{"line":11,"column":26},"end":{"line":11,"column":41}},"1":{"start":{"line":13,"column":2},"end":{"line":34,"column":4}},"2":{"start":{"line":22,"column":69},"end":{"line":22,"column":83}}},"fnMap":{"0":{"name":"InputPassword","decl":{"start":{"line":10,"column":9},"end":{"line":10,"column":22}},"loc":{"start":{"line":10,"column":69},"end":{"line":35,"column":1}},"line":10},"1":{"name":"(anonymous_1)","decl":{"start":{"line":22,"column":63},"end":{"line":22,"column":64}},"loc":{"start":{"line":22,"column":69},"end":{"line":22,"column":83}},"line":22}},"branchMap":{"0":{"loc":{"start":{"line":10,"column":24},"end":{"line":10,"column":37}},"type":"default-arg","locations":[{"start":{"line":10,"column":32},"end":{"line":10,"column":37}}],"line":10},"1":{"loc":{"start":{"line":10,"column":39},"end":{"line":10,"column":56}},"type":"default-arg","locations":[{"start":{"line":10,"column":54},"end":{"line":10,"column":56}}],"line":10},"2":{"loc":{"start":{"line":17,"column":41},"end":{"line":17,"column":69}},"type":"binary-expr","locations":[{"start":{"line":17,"column":41},"end":{"line":17,"column":46}},{"start":{"line":17,"column":50},"end":{"line":17,"column":69}}],"line":17},"3":{"loc":{"start":{"line":20,"column":16},"end":{"line":20,"column":42}},"type":"cond-expr","locations":[{"start":{"line":20,"column":23},"end":{"line":20,"column":29}},{"start":{"line":20,"column":32},"end":{"line":20,"column":42}}],"line":20},"4":{"loc":{"start":{"line":23,"column":11},"end":{"line":26,"column":45}},"type":"cond-expr","locations":[{"start":{"line":24,"column":12},"end":{"line":24,"column":46}},{"start":{"line":26,"column":12},"end":{"line":26,"column":45}}],"line":23},"5":{"loc":{"start":{"line":30,"column":7},"end":{"line":31,"column":67}},"type":"binary-expr","locations":[{"start":{"line":30,"column":7},"end":{"line":30,"column":19}},{"start":{"line":30,"column":23},"end":{"line":30,"column":28}},{"start":{"line":31,"column":8},"end":{"line":31,"column":67}}],"line":30}},"s":{"0":0,"1":0,"2":0},"f":{"0":0,"1":0},"b":{"0":[0],"1":[0],"2":[0,0],"3":[0,0],"4":[0,0],"5":[0,0,0]}}
,"C:\\Users\\vladi\\web\\code\\projects\\greenbook-fullstack\\client\\src\\components\\Breadcrumbs\\Item.tsx": {"path":"C:\\Users\\vladi\\web\\code\\projects\\greenbook-fullstack\\client\\src\\components\\Breadcrumbs\\Item.tsx","statementMap":{"0":{"start":{"line":17,"column":2},"end":{"line":24,"column":4}}},"fnMap":{"0":{"name":"Item","decl":{"start":{"line":14,"column":9},"end":{"line":14,"column":13}},"loc":{"start":{"line":14,"column":42},"end":{"line":25,"column":1}},"line":14}},"branchMap":{},"s":{"0":0},"f":{"0":0},"b":{}}
,"C:\\Users\\vladi\\web\\code\\projects\\greenbook-fullstack\\client\\src\\components\\Breadcrumbs\\index.tsx": {"path":"C:\\Users\\vladi\\web\\code\\projects\\greenbook-fullstack\\client\\src\\components\\Breadcrumbs\\index.tsx","statementMap":{"0":{"start":{"line":12,"column":2},"end":{"line":25,"column":4}},"1":{"start":{"line":19,"column":14},"end":{"line":19,"column":64}}},"fnMap":{"0":{"name":"Breadcrumbs","decl":{"start":{"line":10,"column":9},"end":{"line":10,"column":20}},"loc":{"start":{"line":10,"column":50},"end":{"line":26,"column":1}},"line":10},"1":{"name":"(anonymous_1)","decl":{"start":{"line":18,"column":22},"end":{"line":18,"column":23}},"loc":{"start":{"line":19,"column":14},"end":{"line":19,"column":64}},"line":19}},"branchMap":{},"s":{"0":0,"1":0},"f":{"0":0,"1":0},"b":{}}
,"C:\\Users\\vladi\\web\\code\\projects\\greenbook-fullstack\\client\\src\\components\\Card\\index.tsx": {"path":"C:\\Users\\vladi\\web\\code\\projects\\greenbook-fullstack\\client\\src\\components\\Card\\index.tsx","statementMap":{"0":{"start":{"line":15,"column":19},"end":{"line":15,"column":35}},"1":{"start":{"line":18,"column":4},"end":{"line":18,"column":33}},"2":{"start":{"line":21,"column":2},"end":{"line":61,"column":4}}},"fnMap":{"0":{"name":"Card","decl":{"start":{"line":14,"column":9},"end":{"line":14,"column":13}},"loc":{"start":{"line":14,"column":36},"end":{"line":62,"column":1}},"line":14},"1":{"name":"handleAddToCart","decl":{"start":{"line":17,"column":11},"end":{"line":17,"column":26}},"loc":{"start":{"line":17,"column":29},"end":{"line":19,"column":3}},"line":17}},"branchMap":{},"s":{"0":0,"1":0,"2":0},"f":{"0":0,"1":0},"b":{}}
,"C:\\Users\\vladi\\web\\code\\projects\\greenbook-fullstack\\client\\src\\components\\Footer\\index.tsx": {"path":"C:\\Users\\vladi\\web\\code\\projects\\greenbook-fullstack\\client\\src\\components\\Footer\\index.tsx","statementMap":{"0":{"start":{"line":8,"column":2},"end":{"line":59,"column":4}}},"fnMap":{"0":{"name":"Footer","decl":{"start":{"line":6,"column":9},"end":{"line":6,"column":15}},"loc":{"start":{"line":6,"column":18},"end":{"line":60,"column":1}},"line":6}},"branchMap":{},"s":{"0":0},"f":{"0":0},"b":{}}
,"C:\\Users\\vladi\\web\\code\\projects\\greenbook-fullstack\\client\\src\\components\\Footer\\List\\Item.tsx": {"path":"C:\\Users\\vladi\\web\\code\\projects\\greenbook-fullstack\\client\\src\\components\\Footer\\List\\Item.tsx","statementMap":{"0":{"start":{"line":7,"column":2},"end":{"line":13,"column":4}}},"fnMap":{"0":{"name":"Item","decl":{"start":{"line":5,"column":9},"end":{"line":5,"column":13}},"loc":{"start":{"line":5,"column":55},"end":{"line":14,"column":1}},"line":5}},"branchMap":{},"s":{"0":0},"f":{"0":0},"b":{}}
,"C:\\Users\\vladi\\web\\code\\projects\\greenbook-fullstack\\client\\src\\components\\Footer\\List\\List.tsx": {"path":"C:\\Users\\vladi\\web\\code\\projects\\greenbook-fullstack\\client\\src\\components\\Footer\\List\\List.tsx","statementMap":{"0":{"start":{"line":6,"column":2},"end":{"line":10,"column":4}}},"fnMap":{"0":{"name":"List","decl":{"start":{"line":5,"column":9},"end":{"line":5,"column":13}},"loc":{"start":{"line":5,"column":55},"end":{"line":11,"column":1}},"line":5}},"branchMap":{},"s":{"0":0},"f":{"0":0},"b":{}}
,"C:\\Users\\vladi\\web\\code\\projects\\greenbook-fullstack\\client\\src\\components\\Footer\\List\\Title.tsx": {"path":"C:\\Users\\vladi\\web\\code\\projects\\greenbook-fullstack\\client\\src\\components\\Footer\\List\\Title.tsx","statementMap":{"0":{"start":{"line":6,"column":2},"end":{"line":10,"column":4}}},"fnMap":{"0":{"name":"Title","decl":{"start":{"line":4,"column":9},"end":{"line":4,"column":14}},"loc":{"start":{"line":4,"column":56},"end":{"line":11,"column":1}},"line":4}},"branchMap":{},"s":{"0":0},"f":{"0":0},"b":{}}
,"C:\\Users\\vladi\\web\\code\\projects\\greenbook-fullstack\\client\\src\\components\\Footer\\List\\index.ts": {"path":"C:\\Users\\vladi\\web\\code\\projects\\greenbook-fullstack\\client\\src\\components\\Footer\\List\\index.ts","statementMap":{},"fnMap":{},"branchMap":{},"s":{},"f":{},"b":{}}
,"C:\\Users\\vladi\\web\\code\\projects\\greenbook-fullstack\\client\\src\\components\\Header\\HeaderBottom.tsx": {"path":"C:\\Users\\vladi\\web\\code\\projects\\greenbook-fullstack\\client\\src\\components\\Header\\HeaderBottom.tsx","statementMap":{"0":{"start":{"line":24,"column":28},"end":{"line":24,"column":67}},"1":{"start":{"line":25,"column":19},"end":{"line":25,"column":28}},"2":{"start":{"line":26,"column":19},"end":{"line":26,"column":35}},"3":{"start":{"line":29,"column":4},"end":{"line":29,"column":23}},"4":{"start":{"line":32,"column":2},"end":{"line":66,"column":4}}},"fnMap":{"0":{"name":"HeaderBottom","decl":{"start":{"line":23,"column":9},"end":{"line":23,"column":21}},"loc":{"start":{"line":23,"column":24},"end":{"line":67,"column":1}},"line":23},"1":{"name":"handleLogout","decl":{"start":{"line":28,"column":17},"end":{"line":28,"column":29}},"loc":{"start":{"line":28,"column":32},"end":{"line":30,"column":3}},"line":28}},"branchMap":{"0":{"loc":{"start":{"line":53,"column":15},"end":{"line":54,"column":80}},"type":"binary-expr","locations":[{"start":{"line":53,"column":15},"end":{"line":53,"column":36}},{"start":{"line":54,"column":16},"end":{"line":54,"column":80}}],"line":53},"1":{"loc":{"start":{"line":58,"column":11},"end":{"line":61,"column":21}},"type":"binary-expr","locations":[{"start":{"line":58,"column":11},"end":{"line":58,"column":17}},{"start":{"line":59,"column":12},"end":{"line":61,"column":21}}],"line":58}},"s":{"0":0,"1":0,"2":0,"3":0,"4":0},"f":{"0":0,"1":0},"b":{"0":[0,0],"1":[0,0]}}
,"C:\\Users\\vladi\\web\\code\\projects\\greenbook-fullstack\\client\\src\\components\\Header\\HeaderTop.tsx": {"path":"C:\\Users\\vladi\\web\\code\\projects\\greenbook-fullstack\\client\\src\\components\\Header\\HeaderTop.tsx","statementMap":{"0":{"start":{"line":9,"column":19},"end":{"line":9,"column":28}},"1":{"start":{"line":11,"column":2},"end":{"line":37,"column":4}}},"fnMap":{"0":{"name":"HeaderTop","decl":{"start":{"line":8,"column":9},"end":{"line":8,"column":18}},"loc":{"start":{"line":8,"column":21},"end":{"line":38,"column":1}},"line":8}},"branchMap":{"0":{"loc":{"start":{"line":22,"column":13},"end":{"line":30,"column":17}},"type":"binary-expr","locations":[{"start":{"line":22,"column":13},"end":{"line":22,"column":20}},{"start":{"line":23,"column":14},"end":{"line":30,"column":17}}],"line":22}},"s":{"0":0,"1":0},"f":{"0":0},"b":{"0":[0,0]}}
,"C:\\Users\\vladi\\web\\code\\projects\\greenbook-fullstack\\client\\src\\components\\Header\\Search.tsx": {"path":"C:\\Users\\vladi\\web\\code\\projects\\greenbook-fullstack\\client\\src\\components\\Header\\Search.tsx","statementMap":{"0":{"start":{"line":7,"column":2},"end":{"line":15,"column":4}}},"fnMap":{"0":{"name":"Search","decl":{"start":{"line":6,"column":9},"end":{"line":6,"column":15}},"loc":{"start":{"line":6,"column":18},"end":{"line":16,"column":1}},"line":6}},"branchMap":{},"s":{"0":0},"f":{"0":0},"b":{}}
,"C:\\Users\\vladi\\web\\code\\projects\\greenbook-fullstack\\client\\src\\components\\Header\\index.tsx": {"path":"C:\\Users\\vladi\\web\\code\\projects\\greenbook-fullstack\\client\\src\\components\\Header\\index.tsx","statementMap":{"0":{"start":{"line":7,"column":2},"end":{"line":12,"column":4}}},"fnMap":{"0":{"name":"Header","decl":{"start":{"line":5,"column":9},"end":{"line":5,"column":15}},"loc":{"start":{"line":5,"column":18},"end":{"line":13,"column":1}},"line":5}},"branchMap":{},"s":{"0":0},"f":{"0":0},"b":{}}
,"C:\\Users\\vladi\\web\\code\\projects\\greenbook-fullstack\\client\\src\\components\\Header\\BurgerMenu\\BurgerButton.tsx": {"path":"C:\\Users\\vladi\\web\\code\\projects\\greenbook-fullstack\\client\\src\\components\\Header\\BurgerMenu\\BurgerButton.tsx","statementMap":{"0":{"start":{"line":5,"column":2},"end":{"line":11,"column":4}}},"fnMap":{"0":{"name":"BurgerButton","decl":{"start":{"line":4,"column":9},"end":{"line":4,"column":21}},"loc":{"start":{"line":4,"column":56},"end":{"line":12,"column":1}},"line":4}},"branchMap":{},"s":{"0":0},"f":{"0":0},"b":{}}
,"C:\\Users\\vladi\\web\\code\\projects\\greenbook-fullstack\\client\\src\\components\\Header\\BurgerMenu\\index.tsx": {"path":"C:\\Users\\vladi\\web\\code\\projects\\greenbook-fullstack\\client\\src\\components\\Header\\BurgerMenu\\index.tsx","statementMap":{"0":{"start":{"line":12,"column":17},"end":{"line":12,"column":45}},"1":{"start":{"line":13,"column":26},"end":{"line":13,"column":41}},"2":{"start":{"line":17,"column":4},"end":{"line":17,"column":32}},"3":{"start":{"line":17,"column":17},"end":{"line":17,"column":31}},"4":{"start":{"line":20,"column":2},"end":{"line":47,"column":4}},"5":{"start":{"line":29,"column":14},"end":{"line":40,"column":19}}},"fnMap":{"0":{"name":"BurgerMenu","decl":{"start":{"line":11,"column":9},"end":{"line":11,"column":19}},"loc":{"start":{"line":11,"column":22},"end":{"line":48,"column":1}},"line":11},"1":{"name":"handleClick","decl":{"start":{"line":16,"column":11},"end":{"line":16,"column":22}},"loc":{"start":{"line":16,"column":39},"end":{"line":18,"column":3}},"line":16},"2":{"name":"(anonymous_2)","decl":{"start":{"line":17,"column":11},"end":{"line":17,"column":12}},"loc":{"start":{"line":17,"column":17},"end":{"line":17,"column":31}},"line":17},"3":{"name":"(anonymous_3)","decl":{"start":{"line":28,"column":24},"end":{"line":28,"column":25}},"loc":{"start":{"line":29,"column":14},"end":{"line":40,"column":19}},"line":29}},"branchMap":{},"s":{"0":0,"1":0,"2":0,"3":0,"4":0,"5":0},"f":{"0":0,"1":0,"2":0,"3":0},"b":{}}
,"C:\\Users\\vladi\\web\\code\\projects\\greenbook-fullstack\\client\\src\\components\\Loader\\index.tsx": {"path":"C:\\Users\\vladi\\web\\code\\projects\\greenbook-fullstack\\client\\src\\components\\Loader\\index.tsx","statementMap":{"0":{"start":{"line":16,"column":2},"end":{"line":32,"column":4}}},"fnMap":{"0":{"name":"Loader","decl":{"start":{"line":13,"column":9},"end":{"line":13,"column":15}},"loc":{"start":{"line":13,"column":59},"end":{"line":33,"column":1}},"line":13}},"branchMap":{"0":{"loc":{"start":{"line":18,"column":7},"end":{"line":29,"column":11}},"type":"cond-expr","locations":[{"start":{"line":19,"column":8},"end":{"line":21,"column":14}},{"start":{"line":23,"column":8},"end":{"line":29,"column":11}}],"line":18},"1":{"loc":{"start":{"line":24,"column":11},"end":{"line":27,"column":20}},"type":"cond-expr","locations":[{"start":{"line":25,"column":12},"end":{"line":25,"column":20}},{"start":{"line":27,"column":12},"end":{"line":27,"column":20}}],"line":24}},"s":{"0":0},"f":{"0":0},"b":{"0":[0,0],"1":[0,0]}}
,"C:\\Users\\vladi\\web\\code\\projects\\greenbook-fullstack\\client\\src\\components\\Pagination\\ArrowButton.tsx": {"path":"C:\\Users\\vladi\\web\\code\\projects\\greenbook-fullstack\\client\\src\\components\\Pagination\\ArrowButton.tsx","statementMap":{"0":{"start":{"line":10,"column":23},"end":{"line":10,"column":99}},"1":{"start":{"line":12,"column":2},"end":{"line":24,"column":4}}},"fnMap":{"0":{"name":"ArrowButton","decl":{"start":{"line":9,"column":9},"end":{"line":9,"column":20}},"loc":{"start":{"line":9,"column":49},"end":{"line":25,"column":1}},"line":9}},"branchMap":{"0":{"loc":{"start":{"line":10,"column":43},"end":{"line":10,"column":98}},"type":"binary-expr","locations":[{"start":{"line":10,"column":43},"end":{"line":10,"column":76}},{"start":{"line":10,"column":80},"end":{"line":10,"column":98}}],"line":10},"1":{"loc":{"start":{"line":14,"column":7},"end":{"line":21,"column":17}},"type":"cond-expr","locations":[{"start":{"line":15,"column":8},"end":{"line":17,"column":17}},{"start":{"line":19,"column":8},"end":{"line":21,"column":17}}],"line":14}},"s":{"0":0,"1":0},"f":{"0":0},"b":{"0":[0,0],"1":[0,0]}}
,"C:\\Users\\vladi\\web\\code\\projects\\greenbook-fullstack\\client\\src\\components\\Pagination\\CurrentPageButton.tsx": {"path":"C:\\Users\\vladi\\web\\code\\projects\\greenbook-fullstack\\client\\src\\components\\Pagination\\CurrentPageButton.tsx","statementMap":{"0":{"start":{"line":9,"column":2},"end":{"line":13,"column":4}}},"fnMap":{"0":{"name":"CurrentPageButton","decl":{"start":{"line":7,"column":9},"end":{"line":7,"column":26}},"loc":{"start":{"line":7,"column":46},"end":{"line":14,"column":1}},"line":7}},"branchMap":{},"s":{"0":0},"f":{"0":0},"b":{}}
,"C:\\Users\\vladi\\web\\code\\projects\\greenbook-fullstack\\client\\src\\components\\Pagination\\EllipsisButton.tsx": {"path":"C:\\Users\\vladi\\web\\code\\projects\\greenbook-fullstack\\client\\src\\components\\Pagination\\EllipsisButton.tsx","statementMap":{"0":{"start":{"line":8,"column":2},"end":{"line":12,"column":4}}},"fnMap":{"0":{"name":"EllipsisButton","decl":{"start":{"line":6,"column":9},"end":{"line":6,"column":23}},"loc":{"start":{"line":6,"column":26},"end":{"line":13,"column":1}},"line":6}},"branchMap":{},"s":{"0":0},"f":{"0":0},"b":{}}
,"C:\\Users\\vladi\\web\\code\\projects\\greenbook-fullstack\\client\\src\\components\\Pagination\\Item.tsx": {"path":"C:\\Users\\vladi\\web\\code\\projects\\greenbook-fullstack\\client\\src\\components\\Pagination\\Item.tsx","statementMap":{"0":{"start":{"line":14,"column":28},"end":{"line":20,"column":1}},"1":{"start":{"line":29,"column":20},"end":{"line":29,"column":51}},"2":{"start":{"line":31,"column":2},"end":{"line":33,"column":4}}},"fnMap":{"0":{"name":"Item","decl":{"start":{"line":28,"column":9},"end":{"line":28,"column":13}},"loc":{"start":{"line":28,"column":32},"end":{"line":34,"column":1}},"line":28}},"branchMap":{},"s":{"0":0,"1":0,"2":0},"f":{"0":0},"b":{}}
,"C:\\Users\\vladi\\web\\code\\projects\\greenbook-fullstack\\client\\src\\components\\Pagination\\PageButton.tsx": {"path":"C:\\Users\\vladi\\web\\code\\projects\\greenbook-fullstack\\client\\src\\components\\Pagination\\PageButton.tsx","statementMap":{"0":{"start":{"line":7,"column":4},"end":{"line":9,"column":5}},"1":{"start":{"line":8,"column":6},"end":{"line":8,"column":15}},"2":{"start":{"line":12,"column":2},"end":{"line":16,"column":4}}},"fnMap":{"0":{"name":"PageButton","decl":{"start":{"line":5,"column":9},"end":{"line":5,"column":19}},"loc":{"start":{"line":5,"column":48},"end":{"line":17,"column":1}},"line":5},"1":{"name":"handleClick","decl":{"start":{"line":6,"column":11},"end":{"line":6,"column":22}},"loc":{"start":{"line":6,"column":26},"end":{"line":10,"column":3}},"line":6}},"branchMap":{"0":{"loc":{"start":{"line":7,"column":4},"end":{"line":9,"column":5}},"type":"if","locations":[{"start":{"line":7,"column":4},"end":{"line":9,"column":5}},{"start":{},"end":{}}],"line":7}},"s":{"0":0,"1":0,"2":0},"f":{"0":0,"1":0},"b":{"0":[0,0]}}
,"C:\\Users\\vladi\\web\\code\\projects\\greenbook-fullstack\\client\\src\\components\\Pagination\\index.tsx": {"path":"C:\\Users\\vladi\\web\\code\\projects\\greenbook-fullstack\\client\\src\\components\\Pagination\\index.tsx","statementMap":{"0":{"start":{"line":10,"column":23},"end":{"line":10,"column":49}},"1":{"start":{"line":13,"column":2},"end":{"line":24,"column":4}},"2":{"start":{"line":17,"column":10},"end":{"line":20,"column":12}}},"fnMap":{"0":{"name":"Pagination","decl":{"start":{"line":9,"column":9},"end":{"line":9,"column":19}},"loc":{"start":{"line":9,"column":51},"end":{"line":25,"column":1}},"line":9},"1":{"name":"(anonymous_1)","decl":{"start":{"line":16,"column":24},"end":{"line":16,"column":25}},"loc":{"start":{"line":17,"column":10},"end":{"line":20,"column":12}},"line":17}},"branchMap":{},"s":{"0":0,"1":0,"2":0},"f":{"0":0,"1":0},"b":{}}
,"C:\\Users\\vladi\\web\\code\\projects\\greenbook-fullstack\\client\\src\\components\\Pagination\\useItemProps.ts": {"path":"C:\\Users\\vladi\\web\\code\\projects\\greenbook-fullstack\\client\\src\\components\\Pagination\\useItemProps.ts","statementMap":{"0":{"start":{"line":9,"column":38},"end":{"line":9,"column":63}},"1":{"start":{"line":10,"column":42},"end":{"line":10,"column":59}},"2":{"start":{"line":11,"column":22},"end":{"line":11,"column":59}},"3":{"start":{"line":16,"column":4},"end":{"line":24,"column":5}},"4":{"start":{"line":17,"column":6},"end":{"line":21,"column":7}},"5":{"start":{"line":18,"column":8},"end":{"line":18,"column":56}},"6":{"start":{"line":20,"column":8},"end":{"line":20,"column":36}},"7":{"start":{"line":22,"column":6},"end":{"line":22,"column":36}},"8":{"start":{"line":23,"column":6},"end":{"line":23,"column":28}},"9":{"start":{"line":27,"column":32},"end":{"line":27,"column":66}},"10":{"start":{"line":28,"column":32},"end":{"line":28,"column":66}},"11":{"start":{"line":30,"column":4},"end":{"line":32,"column":5}},"12":{"start":{"line":31,"column":6},"end":{"line":31,"column":54}},"13":{"start":{"line":33,"column":4},"end":{"line":35,"column":5}},"14":{"start":{"line":34,"column":6},"end":{"line":34,"column":54}},"15":{"start":{"line":37,"column":4},"end":{"line":37,"column":47}},"16":{"start":{"line":41,"column":2},"end":{"line":96,"column":32}},"17":{"start":{"line":42,"column":38},"end":{"line":42,"column":40}},"18":{"start":{"line":43,"column":16},"end":{"line":43,"column":31}},"19":{"start":{"line":44,"column":14},"end":{"line":44,"column":29}},"20":{"start":{"line":46,"column":4},"end":{"line":55,"column":5}},"21":{"start":{"line":47,"column":6},"end":{"line":47,"column":16}},"22":{"start":{"line":48,"column":6},"end":{"line":48,"column":23}},"23":{"start":{"line":49,"column":11},"end":{"line":55,"column":5}},"24":{"start":{"line":50,"column":6},"end":{"line":50,"column":29}},"25":{"start":{"line":51,"column":6},"end":{"line":51,"column":23}},"26":{"start":{"line":52,"column":11},"end":{"line":55,"column":5}},"27":{"start":{"line":53,"column":6},"end":{"line":53,"column":16}},"28":{"start":{"line":54,"column":6},"end":{"line":54,"column":14}},"29":{"start":{"line":57,"column":4},"end":{"line":70,"column":5}},"30":{"start":{"line":57,"column":16},"end":{"line":57,"column":21}},"31":{"start":{"line":58,"column":33},"end":{"line":62,"column":7}},"32":{"start":{"line":63,"column":6},"end":{"line":68,"column":7}},"33":{"start":{"line":64,"column":8},"end":{"line":67,"column":10}},"34":{"start":{"line":69,"column":6},"end":{"line":69,"column":36}},"35":{"start":{"line":72,"column":4},"end":{"line":81,"column":5}},"36":{"start":{"line":73,"column":6},"end":{"line":80,"column":8}},"37":{"start":{"line":82,"column":4},"end":{"line":91,"column":5}},"38":{"start":{"line":83,"column":6},"end":{"line":90,"column":8}},"39":{"start":{"line":93,"column":4},"end":{"line":93,"column":52}},"40":{"start":{"line":94,"column":4},"end":{"line":94,"column":34}},"41":{"start":{"line":99,"column":2},"end":{"line":99,"column":21}}},"fnMap":{"0":{"name":"useItemProps","decl":{"start":{"line":8,"column":9},"end":{"line":8,"column":21}},"loc":{"start":{"line":8,"column":58},"end":{"line":100,"column":1}},"line":8},"1":{"name":"handleClick","decl":{"start":{"line":15,"column":11},"end":{"line":15,"column":22}},"loc":{"start":{"line":15,"column":43},"end":{"line":25,"column":3}},"line":15},"2":{"name":"(anonymous_2)","decl":{"start":{"line":16,"column":11},"end":{"line":16,"column":12}},"loc":{"start":{"line":16,"column":17},"end":{"line":24,"column":5}},"line":16},"3":{"name":"addArrowButton","decl":{"start":{"line":26,"column":11},"end":{"line":26,"column":25}},"loc":{"start":{"line":26,"column":51},"end":{"line":38,"column":3}},"line":26},"4":{"name":"(anonymous_4)","decl":{"start":{"line":41,"column":12},"end":{"line":41,"column":13}},"loc":{"start":{"line":41,"column":18},"end":{"line":96,"column":3}},"line":41}},"branchMap":{"0":{"loc":{"start":{"line":11,"column":22},"end":{"line":11,"column":59}},"type":"binary-expr","locations":[{"start":{"line":11,"column":22},"end":{"line":11,"column":54}},{"start":{"line":11,"column":58},"end":{"line":11,"column":59}}],"line":11},"1":{"loc":{"start":{"line":17,"column":6},"end":{"line":21,"column":7}},"type":"if","locations":[{"start":{"line":17,"column":6},"end":{"line":21,"column":7}},{"start":{"line":19,"column":13},"end":{"line":21,"column":7}}],"line":17},"2":{"loc":{"start":{"line":30,"column":4},"end":{"line":32,"column":5}},"type":"if","locations":[{"start":{"line":30,"column":4},"end":{"line":32,"column":5}},{"start":{},"end":{}}],"line":30},"3":{"loc":{"start":{"line":33,"column":4},"end":{"line":35,"column":5}},"type":"if","locations":[{"start":{"line":33,"column":4},"end":{"line":35,"column":5}},{"start":{},"end":{}}],"line":33},"4":{"loc":{"start":{"line":46,"column":4},"end":{"line":55,"column":5}},"type":"if","locations":[{"start":{"line":46,"column":4},"end":{"line":55,"column":5}},{"start":{"line":49,"column":11},"end":{"line":55,"column":5}}],"line":46},"5":{"loc":{"start":{"line":49,"column":11},"end":{"line":55,"column":5}},"type":"if","locations":[{"start":{"line":49,"column":11},"end":{"line":55,"column":5}},{"start":{"line":52,"column":11},"end":{"line":55,"column":5}}],"line":49},"6":{"loc":{"start":{"line":52,"column":11},"end":{"line":55,"column":5}},"type":"if","locations":[{"start":{"line":52,"column":11},"end":{"line":55,"column":5}},{"start":{},"end":{}}],"line":52},"7":{"loc":{"start":{"line":63,"column":6},"end":{"line":68,"column":7}},"type":"if","locations":[{"start":{"line":63,"column":6},"end":{"line":68,"column":7}},{"start":{},"end":{}}],"line":63},"8":{"loc":{"start":{"line":72,"column":4},"end":{"line":81,"column":5}},"type":"if","locations":[{"start":{"line":72,"column":4},"end":{"line":81,"column":5}},{"start":{},"end":{}}],"line":72},"9":{"loc":{"start":{"line":82,"column":4},"end":{"line":91,"column":5}},"type":"if","locations":[{"start":{"line":82,"column":4},"end":{"line":91,"column":5}},{"start":{},"end":{}}],"line":82}},"s":{"0":0,"1":0,"2":0,"3":0,"4":0,"5":0,"6":0,"7":0,"8":0,"9":0,"10":0,"11":0,"12":0,"13":0,"14":0,"15":0,"16":0,"17":0,"18":0,"19":0,"20":0,"21":0,"22":0,"23":0,"24":0,"25":0,"26":0,"27":0,"28":0,"29":0,"30":0,"31":0,"32":0,"33":0,"34":0,"35":0,"36":0,"37":0,"38":0,"39":0,"40":0,"41":0},"f":{"0":0,"1":0,"2":0,"3":0,"4":0},"b":{"0":[0,0],"1":[0,0],"2":[0,0],"3":[0,0],"4":[0,0],"5":[0,0],"6":[0,0],"7":[0,0],"8":[0,0],"9":[0,0]}}
,"C:\\Users\\vladi\\web\\code\\projects\\greenbook-fullstack\\client\\src\\components\\UI\\Accordion\\Accordion.tsx": {"path":"C:\\Users\\vladi\\web\\code\\projects\\greenbook-fullstack\\client\\src\\components\\UI\\Accordion\\Accordion.tsx","statementMap":{"0":{"start":{"line":10,"column":2},"end":{"line":14,"column":4}}},"fnMap":{"0":{"name":"Accordion","decl":{"start":{"line":9,"column":9},"end":{"line":9,"column":18}},"loc":{"start":{"line":9,"column":58},"end":{"line":15,"column":1}},"line":9}},"branchMap":{},"s":{"0":0},"f":{"0":0},"b":{}}
,"C:\\Users\\vladi\\web\\code\\projects\\greenbook-fullstack\\client\\src\\components\\UI\\Accordion\\Button.tsx": {"path":"C:\\Users\\vladi\\web\\code\\projects\\greenbook-fullstack\\client\\src\\components\\UI\\Accordion\\Button.tsx","statementMap":{"0":{"start":{"line":12,"column":28},"end":{"line":12,"column":51}},"1":{"start":{"line":14,"column":2},"end":{"line":18,"column":4}},"2":{"start":{"line":15,"column":68},"end":{"line":15,"column":82}}},"fnMap":{"0":{"name":"Button","decl":{"start":{"line":11,"column":9},"end":{"line":11,"column":15}},"loc":{"start":{"line":11,"column":52},"end":{"line":19,"column":1}},"line":11},"1":{"name":"(anonymous_1)","decl":{"start":{"line":15,"column":62},"end":{"line":15,"column":63}},"loc":{"start":{"line":15,"column":68},"end":{"line":15,"column":82}},"line":15}},"branchMap":{},"s":{"0":0,"1":0,"2":0},"f":{"0":0,"1":0},"b":{}}
,"C:\\Users\\vladi\\web\\code\\projects\\greenbook-fullstack\\client\\src\\components\\UI\\Accordion\\Content.tsx": {"path":"C:\\Users\\vladi\\web\\code\\projects\\greenbook-fullstack\\client\\src\\components\\UI\\Accordion\\Content.tsx","statementMap":{"0":{"start":{"line":6,"column":17},"end":{"line":6,"column":40}},"1":{"start":{"line":7,"column":21},"end":{"line":7,"column":49}},"2":{"start":{"line":8,"column":42},"end":{"line":8,"column":79}},"3":{"start":{"line":10,"column":2},"end":{"line":16,"column":25}},"4":{"start":{"line":11,"column":4},"end":{"line":15,"column":5}},"5":{"start":{"line":12,"column":6},"end":{"line":12,"column":76}},"6":{"start":{"line":14,"column":6},"end":{"line":14,"column":41}},"7":{"start":{"line":19,"column":2},"end":{"line":23,"column":4}}},"fnMap":{"0":{"name":"Content","decl":{"start":{"line":5,"column":9},"end":{"line":5,"column":16}},"loc":{"start":{"line":5,"column":58},"end":{"line":24,"column":1}},"line":5},"1":{"name":"(anonymous_1)","decl":{"start":{"line":10,"column":12},"end":{"line":10,"column":13}},"loc":{"start":{"line":10,"column":18},"end":{"line":16,"column":3}},"line":10}},"branchMap":{"0":{"loc":{"start":{"line":8,"column":51},"end":{"line":8,"column":78}},"type":"cond-expr","locations":[{"start":{"line":8,"column":57},"end":{"line":8,"column":59}},{"start":{"line":8,"column":62},"end":{"line":8,"column":78}}],"line":8},"1":{"loc":{"start":{"line":11,"column":4},"end":{"line":15,"column":5}},"type":"if","locations":[{"start":{"line":11,"column":4},"end":{"line":15,"column":5}},{"start":{"line":13,"column":11},"end":{"line":15,"column":5}}],"line":11},"2":{"loc":{"start":{"line":11,"column":8},"end":{"line":11,"column":34}},"type":"binary-expr","locations":[{"start":{"line":11,"column":8},"end":{"line":11,"column":26}},{"start":{"line":11,"column":30},"end":{"line":11,"column":34}}],"line":11}},"s":{"0":0,"1":0,"2":0,"3":0,"4":0,"5":0,"6":0,"7":0},"f":{"0":0,"1":0},"b":{"0":[0,0],"1":[0,0],"2":[0,0]}}
,"C:\\Users\\vladi\\web\\code\\projects\\greenbook-fullstack\\client\\src\\components\\UI\\Accordion\\Icon.tsx": {"path":"C:\\Users\\vladi\\web\\code\\projects\\greenbook-fullstack\\client\\src\\components\\UI\\Accordion\\Icon.tsx","statementMap":{"0":{"start":{"line":10,"column":17},"end":{"line":10,"column":40}},"1":{"start":{"line":13,"column":2},"end":{"line":17,"column":4}}},"fnMap":{"0":{"name":"Icon","decl":{"start":{"line":9,"column":9},"end":{"line":9,"column":13}},"loc":{"start":{"line":9,"column":16},"end":{"line":18,"column":1}},"line":9}},"branchMap":{"0":{"loc":{"start":{"line":15,"column":51},"end":{"line":15,"column":82}},"type":"binary-expr","locations":[{"start":{"line":15,"column":51},"end":{"line":15,"column":55}},{"start":{"line":15,"column":59},"end":{"line":15,"column":82}}],"line":15}},"s":{"0":0,"1":0},"f":{"0":0},"b":{"0":[0,0]}}
,"C:\\Users\\vladi\\web\\code\\projects\\greenbook-fullstack\\client\\src\\components\\UI\\Accordion\\Item.tsx": {"path":"C:\\Users\\vladi\\web\\code\\projects\\greenbook-fullstack\\client\\src\\components\\UI\\Accordion\\Item.tsx","statementMap":{"0":{"start":{"line":11,"column":26},"end":{"line":11,"column":40}},"1":{"start":{"line":13,"column":2},"end":{"line":19,"column":4}}},"fnMap":{"0":{"name":"Item","decl":{"start":{"line":10,"column":9},"end":{"line":10,"column":13}},"loc":{"start":{"line":10,"column":48},"end":{"line":20,"column":1}},"line":10}},"branchMap":{},"s":{"0":0,"1":0},"f":{"0":0},"b":{}}
,"C:\\Users\\vladi\\web\\code\\projects\\greenbook-fullstack\\client\\src\\components\\UI\\Accordion\\ItemContext.ts": {"path":"C:\\Users\\vladi\\web\\code\\projects\\greenbook-fullstack\\client\\src\\components\\UI\\Accordion\\ItemContext.ts","statementMap":{"0":{"start":{"line":8,"column":27},"end":{"line":11,"column":2}}},"fnMap":{"0":{"name":"(anonymous_0)","decl":{"start":{"line":10,"column":11},"end":{"line":10,"column":12}},"loc":{"start":{"line":10,"column":17},"end":{"line":10,"column":19}},"line":10}},"branchMap":{},"s":{"0":0},"f":{"0":0},"b":{}}
,"C:\\Users\\vladi\\web\\code\\projects\\greenbook-fullstack\\client\\src\\components\\UI\\Accordion\\index.ts": {"path":"C:\\Users\\vladi\\web\\code\\projects\\greenbook-fullstack\\client\\src\\components\\UI\\Accordion\\index.ts","statementMap":{},"fnMap":{},"branchMap":{},"s":{},"f":{},"b":{}}
,"C:\\Users\\vladi\\web\\code\\projects\\greenbook-fullstack\\client\\src\\components\\UI\\Checkbox\\index.tsx": {"path":"C:\\Users\\vladi\\web\\code\\projects\\greenbook-fullstack\\client\\src\\components\\UI\\Checkbox\\index.tsx","statementMap":{"0":{"start":{"line":12,"column":32},"end":{"line":12,"column":51}},"1":{"start":{"line":15,"column":4},"end":{"line":17,"column":5}},"2":{"start":{"line":16,"column":6},"end":{"line":16,"column":27}},"3":{"start":{"line":20,"column":2},"end":{"line":32,"column":4}}},"fnMap":{"0":{"name":"Checkbox","decl":{"start":{"line":11,"column":9},"end":{"line":11,"column":17}},"loc":{"start":{"line":11,"column":56},"end":{"line":33,"column":1}},"line":11},"1":{"name":"handleClick","decl":{"start":{"line":14,"column":11},"end":{"line":14,"column":22}},"loc":{"start":{"line":14,"column":31},"end":{"line":18,"column":3}},"line":14}},"branchMap":{"0":{"loc":{"start":{"line":15,"column":4},"end":{"line":17,"column":5}},"type":"if","locations":[{"start":{"line":15,"column":4},"end":{"line":17,"column":5}},{"start":{},"end":{}}],"line":15}},"s":{"0":0,"1":0,"2":0,"3":0},"f":{"0":0,"1":0},"b":{"0":[0,0]}}
,"C:\\Users\\vladi\\web\\code\\projects\\greenbook-fullstack\\client\\src\\components\\UI\\Modal\\Portal.tsx": {"path":"C:\\Users\\vladi\\web\\code\\projects\\greenbook-fullstack\\client\\src\\components\\UI\\Modal\\Portal.tsx","statementMap":{"0":{"start":{"line":6,"column":2},"end":{"line":6,"column":47}}},"fnMap":{"0":{"name":"usePortal","decl":{"start":{"line":4,"column":9},"end":{"line":4,"column":18}},"loc":{"start":{"line":4,"column":62},"end":{"line":7,"column":1}},"line":4}},"branchMap":{},"s":{"0":0},"f":{"0":0},"b":{}}
,"C:\\Users\\vladi\\web\\code\\projects\\greenbook-fullstack\\client\\src\\components\\UI\\Modal\\index.tsx": {"path":"C:\\Users\\vladi\\web\\code\\projects\\greenbook-fullstack\\client\\src\\components\\UI\\Modal\\index.tsx","statementMap":{"0":{"start":{"line":16,"column":2},"end":{"line":26,"column":13}},"1":{"start":{"line":17,"column":4},"end":{"line":21,"column":5}},"2":{"start":{"line":18,"column":6},"end":{"line":18,"column":35}},"3":{"start":{"line":19,"column":6},"end":{"line":19,"column":44}},"4":{"start":{"line":20,"column":6},"end":{"line":20,"column":13}},"5":{"start":{"line":22,"column":4},"end":{"line":24,"column":5}},"6":{"start":{"line":23,"column":6},"end":{"line":23,"column":47}},"7":{"start":{"line":25,"column":4},"end":{"line":25,"column":46}},"8":{"start":{"line":30,"column":4},"end":{"line":32,"column":5}},"9":{"start":{"line":31,"column":6},"end":{"line":31,"column":14}},"10":{"start":{"line":35,"column":2},"end":{"line":48,"column":4}}},"fnMap":{"0":{"name":"Modal","decl":{"start":{"line":13,"column":9},"end":{"line":13,"column":14}},"loc":{"start":{"line":13,"column":66},"end":{"line":49,"column":1}},"line":13},"1":{"name":"(anonymous_1)","decl":{"start":{"line":16,"column":12},"end":{"line":16,"column":13}},"loc":{"start":{"line":16,"column":18},"end":{"line":26,"column":3}},"line":16},"2":{"name":"handleClick","decl":{"start":{"line":29,"column":11},"end":{"line":29,"column":22}},"loc":{"start":{"line":29,"column":61},"end":{"line":33,"column":3}},"line":29}},"branchMap":{"0":{"loc":{"start":{"line":17,"column":4},"end":{"line":21,"column":5}},"type":"if","locations":[{"start":{"line":17,"column":4},"end":{"line":21,"column":5}},{"start":{},"end":{}}],"line":17},"1":{"loc":{"start":{"line":22,"column":4},"end":{"line":24,"column":5}},"type":"if","locations":[{"start":{"line":22,"column":4},"end":{"line":24,"column":5}},{"start":{},"end":{}}],"line":22},"2":{"loc":{"start":{"line":30,"column":4},"end":{"line":32,"column":5}},"type":"if","locations":[{"start":{"line":30,"column":4},"end":{"line":32,"column":5}},{"start":{},"end":{}}],"line":30},"3":{"loc":{"start":{"line":37,"column":7},"end":{"line":45,"column":17}},"type":"binary-expr","locations":[{"start":{"line":37,"column":7},"end":{"line":37,"column":11}},{"start":{"line":38,"column":8},"end":{"line":45,"column":17}}],"line":37}},"s":{"0":0,"1":0,"2":0,"3":0,"4":0,"5":0,"6":0,"7":0,"8":0,"9":0,"10":0},"f":{"0":0,"1":0,"2":0},"b":{"0":[0,0],"1":[0,0],"2":[0,0],"3":[0,0]}}
,"C:\\Users\\vladi\\web\\code\\projects\\greenbook-fullstack\\client\\src\\components\\UI\\Radio\\Group.tsx": {"path":"C:\\Users\\vladi\\web\\code\\projects\\greenbook-fullstack\\client\\src\\components\\UI\\Radio\\Group.tsx","statementMap":{"0":{"start":{"line":5,"column":32},"end":{"line":5,"column":44}},"1":{"start":{"line":7,"column":2},"end":{"line":11,"column":4}}},"fnMap":{"0":{"name":"Group","decl":{"start":{"line":4,"column":9},"end":{"line":4,"column":14}},"loc":{"start":{"line":4,"column":56},"end":{"line":12,"column":1}},"line":4}},"branchMap":{},"s":{"0":0,"1":0},"f":{"0":0},"b":{}}
,"C:\\Users\\vladi\\web\\code\\projects\\greenbook-fullstack\\client\\src\\components\\UI\\Radio\\Radio.tsx": {"path":"C:\\Users\\vladi\\web\\code\\projects\\greenbook-fullstack\\client\\src\\components\\UI\\Radio\\Radio.tsx","statementMap":{"0":{"start":{"line":14,"column":32},"end":{"line":14,"column":56}},"1":{"start":{"line":16,"column":2},"end":{"line":20,"column":9}},"2":{"start":{"line":17,"column":4},"end":{"line":19,"column":5}},"3":{"start":{"line":18,"column":6},"end":{"line":18,"column":21}},"4":{"start":{"line":23,"column":4},"end":{"line":23,"column":19}},"5":{"start":{"line":27,"column":2},"end":{"line":43,"column":4}}},"fnMap":{"0":{"name":"Radio","decl":{"start":{"line":13,"column":9},"end":{"line":13,"column":14}},"loc":{"start":{"line":13,"column":60},"end":{"line":44,"column":1}},"line":13},"1":{"name":"(anonymous_1)","decl":{"start":{"line":16,"column":12},"end":{"line":16,"column":13}},"loc":{"start":{"line":16,"column":18},"end":{"line":20,"column":3}},"line":16},"2":{"name":"handleChange","decl":{"start":{"line":22,"column":11},"end":{"line":22,"column":23}},"loc":{"start":{"line":22,"column":32},"end":{"line":24,"column":3}},"line":22}},"branchMap":{"0":{"loc":{"start":{"line":17,"column":4},"end":{"line":19,"column":5}},"type":"if","locations":[{"start":{"line":17,"column":4},"end":{"line":19,"column":5}},{"start":{},"end":{}}],"line":17}},"s":{"0":0,"1":0,"2":0,"3":0,"4":0,"5":0},"f":{"0":0,"1":0,"2":0},"b":{"0":[0,0]}}
,"C:\\Users\\vladi\\web\\code\\projects\\greenbook-fullstack\\client\\src\\components\\UI\\Radio\\RadioContext.ts": {"path":"C:\\Users\\vladi\\web\\code\\projects\\greenbook-fullstack\\client\\src\\components\\UI\\Radio\\RadioContext.ts","statementMap":{"0":{"start":{"line":9,"column":28},"end":{"line":12,"column":2}}},"fnMap":{"0":{"name":"(anonymous_0)","decl":{"start":{"line":11,"column":14},"end":{"line":11,"column":15}},"loc":{"start":{"line":11,"column":20},"end":{"line":11,"column":22}},"line":11}},"branchMap":{},"s":{"0":0},"f":{"0":0},"b":{}}
,"C:\\Users\\vladi\\web\\code\\projects\\greenbook-fullstack\\client\\src\\components\\UI\\Radio\\index.ts": {"path":"C:\\Users\\vladi\\web\\code\\projects\\greenbook-fullstack\\client\\src\\components\\UI\\Radio\\index.ts","statementMap":{},"fnMap":{},"branchMap":{},"s":{},"f":{},"b":{}}
,"C:\\Users\\vladi\\web\\code\\projects\\greenbook-fullstack\\client\\src\\data\\index.tsx": {"path":"C:\\Users\\vladi\\web\\code\\projects\\greenbook-fullstack\\client\\src\\data\\index.tsx","statementMap":{"0":{"start":{"line":14,"column":28},"end":{"line":14,"column":30}},"1":{"start":{"line":16,"column":2},"end":{"line":31,"column":3}},"2":{"start":{"line":16,"column":14},"end":{"line":16,"column":15}},"3":{"start":{"line":17,"column":4},"end":{"line":30,"column":5}},"4":{"start":{"line":32,"column":2},"end":{"line":32,"column":16}},"5":{"start":{"line":38,"column":30},"end":{"line":84,"column":1}},"6":{"start":{"line":42,"column":33},"end":{"line":42,"column":67}},"7":{"start":{"line":47,"column":33},"end":{"line":47,"column":67}},"8":{"start":{"line":52,"column":33},"end":{"line":52,"column":66}},"9":{"start":{"line":57,"column":33},"end":{"line":57,"column":66}},"10":{"start":{"line":62,"column":33},"end":{"line":62,"column":68}},"11":{"start":{"line":67,"column":33},"end":{"line":67,"column":70}},"12":{"start":{"line":72,"column":33},"end":{"line":72,"column":69}},"13":{"start":{"line":77,"column":33},"end":{"line":77,"column":65}},"14":{"start":{"line":82,"column":33},"end":{"line":82,"column":66}},"15":{"start":{"line":98,"column":17},"end":{"line":135,"column":1}},"16":{"start":{"line":138,"column":16},"end":{"line":267,"column":1}}},"fnMap":{"0":{"name":"createProductsData","decl":{"start":{"line":13,"column":16},"end":{"line":13,"column":34}},"loc":{"start":{"line":13,"column":62},"end":{"line":33,"column":1}},"line":13},"1":{"name":"(anonymous_1)","decl":{"start":{"line":42,"column":10},"end":{"line":42,"column":11}},"loc":{"start":{"line":42,"column":33},"end":{"line":42,"column":67}},"line":42},"2":{"name":"(anonymous_2)","decl":{"start":{"line":47,"column":10},"end":{"line":47,"column":11}},"loc":{"start":{"line":47,"column":33},"end":{"line":47,"column":67}},"line":47},"3":{"name":"(anonymous_3)","decl":{"start":{"line":52,"column":10},"end":{"line":52,"column":11}},"loc":{"start":{"line":52,"column":33},"end":{"line":52,"column":66}},"line":52},"4":{"name":"(anonymous_4)","decl":{"start":{"line":57,"column":10},"end":{"line":57,"column":11}},"loc":{"start":{"line":57,"column":33},"end":{"line":57,"column":66}},"line":57},"5":{"name":"(anonymous_5)","decl":{"start":{"line":62,"column":10},"end":{"line":62,"column":11}},"loc":{"start":{"line":62,"column":33},"end":{"line":62,"column":68}},"line":62},"6":{"name":"(anonymous_6)","decl":{"start":{"line":67,"column":10},"end":{"line":67,"column":11}},"loc":{"start":{"line":67,"column":33},"end":{"line":67,"column":70}},"line":67},"7":{"name":"(anonymous_7)","decl":{"start":{"line":72,"column":10},"end":{"line":72,"column":11}},"loc":{"start":{"line":72,"column":33},"end":{"line":72,"column":69}},"line":72},"8":{"name":"(anonymous_8)","decl":{"start":{"line":77,"column":10},"end":{"line":77,"column":11}},"loc":{"start":{"line":77,"column":33},"end":{"line":77,"column":65}},"line":77},"9":{"name":"(anonymous_9)","decl":{"start":{"line":82,"column":10},"end":{"line":82,"column":11}},"loc":{"start":{"line":82,"column":33},"end":{"line":82,"column":66}},"line":82}},"branchMap":{},"s":{"0":0,"1":0,"2":0,"3":0,"4":0,"5":0,"6":0,"7":0,"8":0,"9":0,"10":0,"11":0,"12":0,"13":0,"14":0,"15":0,"16":0},"f":{"0":0,"1":0,"2":0,"3":0,"4":0,"5":0,"6":0,"7":0,"8":0,"9":0},"b":{}}
,"C:\\Users\\vladi\\web\\code\\projects\\greenbook-fullstack\\client\\src\\hooks\\useApi.ts": {"path":"C:\\Users\\vladi\\web\\code\\projects\\greenbook-fullstack\\client\\src\\hooks\\useApi.ts","statementMap":{"0":{"start":{"line":6,"column":26},"end":{"line":6,"column":50}},"1":{"start":{"line":7,"column":28},"end":{"line":7,"column":60}},"2":{"start":{"line":8,"column":32},"end":{"line":8,"column":47}},"3":{"start":{"line":10,"column":18},"end":{"line":20,"column":8}},"4":{"start":{"line":11,"column":4},"end":{"line":11,"column":21}},"5":{"start":{"line":12,"column":4},"end":{"line":19,"column":5}},"6":{"start":{"line":13,"column":23},"end":{"line":13,"column":45}},"7":{"start":{"line":14,"column":6},"end":{"line":14,"column":24}},"8":{"start":{"line":16,"column":6},"end":{"line":16,"column":33}},"9":{"start":{"line":18,"column":6},"end":{"line":18,"column":24}},"10":{"start":{"line":22,"column":2},"end":{"line":22,"column":41}}},"fnMap":{"0":{"name":"useApi","decl":{"start":{"line":5,"column":9},"end":{"line":5,"column":15}},"loc":{"start":{"line":5,"column":21},"end":{"line":23,"column":1}},"line":5},"1":{"name":"(anonymous_1)","decl":{"start":{"line":10,"column":30},"end":{"line":10,"column":31}},"loc":{"start":{"line":10,"column":65},"end":{"line":20,"column":3}},"line":10}},"branchMap":{},"s":{"0":0,"1":0,"2":0,"3":0,"4":0,"5":0,"6":0,"7":0,"8":0,"9":0,"10":0},"f":{"0":0,"1":0},"b":{}}
,"C:\\Users\\vladi\\web\\code\\projects\\greenbook-fullstack\\client\\src\\hooks\\useAuth.ts": {"path":"C:\\Users\\vladi\\web\\code\\projects\\greenbook-fullstack\\client\\src\\hooks\\useAuth.ts","statementMap":{"0":{"start":{"line":6,"column":15},"end":{"line":6,"column":41}},"1":{"start":{"line":8,"column":2},"end":{"line":8,"column":29}}},"fnMap":{"0":{"name":"useAuth","decl":{"start":{"line":5,"column":9},"end":{"line":5,"column":16}},"loc":{"start":{"line":5,"column":19},"end":{"line":9,"column":1}},"line":5}},"branchMap":{},"s":{"0":0,"1":0},"f":{"0":0},"b":{}}
,"C:\\Users\\vladi\\web\\code\\projects\\greenbook-fullstack\\client\\src\\hooks\\useFormField.ts": {"path":"C:\\Users\\vladi\\web\\code\\projects\\greenbook-fullstack\\client\\src\\hooks\\useFormField.ts","statementMap":{"0":{"start":{"line":23,"column":28},"end":{"line":23,"column":50}},"1":{"start":{"line":24,"column":28},"end":{"line":24,"column":44}},"2":{"start":{"line":25,"column":20},"end":{"line":25,"column":53}},"3":{"start":{"line":25,"column":48},"end":{"line":25,"column":52}},"4":{"start":{"line":28,"column":2},"end":{"line":32,"column":17}},"5":{"start":{"line":29,"column":4},"end":{"line":31,"column":5}},"6":{"start":{"line":30,"column":6},"end":{"line":30,"column":34}},"7":{"start":{"line":37,"column":17},"end":{"line":37,"column":21}},"8":{"start":{"line":38,"column":4},"end":{"line":40,"column":5}},"9":{"start":{"line":39,"column":6},"end":{"line":39,"column":40}},"10":{"start":{"line":41,"column":4},"end":{"line":41,"column":22}},"11":{"start":{"line":42,"column":4},"end":{"line":42,"column":18}},"12":{"start":{"line":47,"column":17},"end":{"line":47,"column":21}},"13":{"start":{"line":48,"column":4},"end":{"line":50,"column":5}},"14":{"start":{"line":49,"column":6},"end":{"line":49,"column":23}},"15":{"start":{"line":51,"column":4},"end":{"line":53,"column":5}},"16":{"start":{"line":52,"column":6},"end":{"line":52,"column":40}},"17":{"start":{"line":54,"column":4},"end":{"line":54,"column":22}},"18":{"start":{"line":55,"column":4},"end":{"line":55,"column":18}},"19":{"start":{"line":58,"column":2},"end":{"line":66,"column":4}},"20":{"start":{"line":64,"column":62},"end":{"line":64,"column":90}}},"fnMap":{"0":{"name":"UseFormField","decl":{"start":{"line":22,"column":9},"end":{"line":22,"column":21}},"loc":{"start":{"line":22,"column":101},"end":{"line":67,"column":1}},"line":22},"1":{"name":"(anonymous_1)","decl":{"start":{"line":25,"column":42},"end":{"line":25,"column":43}},"loc":{"start":{"line":25,"column":48},"end":{"line":25,"column":52}},"line":25},"2":{"name":"(anonymous_2)","decl":{"start":{"line":28,"column":12},"end":{"line":28,"column":13}},"loc":{"start":{"line":28,"column":18},"end":{"line":32,"column":3}},"line":28},"3":{"name":"onBlur","decl":{"start":{"line":36,"column":11},"end":{"line":36,"column":17}},"loc":{"start":{"line":36,"column":20},"end":{"line":43,"column":3}},"line":36},"4":{"name":"isValid","decl":{"start":{"line":46,"column":11},"end":{"line":46,"column":18}},"loc":{"start":{"line":46,"column":30},"end":{"line":56,"column":3}},"line":46},"5":{"name":"(anonymous_5)","decl":{"start":{"line":64,"column":14},"end":{"line":64,"column":15}},"loc":{"start":{"line":64,"column":62},"end":{"line":64,"column":90}},"line":64}},"branchMap":{"0":{"loc":{"start":{"line":22,"column":23},"end":{"line":22,"column":40}},"type":"default-arg","locations":[{"start":{"line":22,"column":38},"end":{"line":22,"column":40}}],"line":22},"1":{"loc":{"start":{"line":22,"column":42},"end":{"line":22,"column":58}},"type":"default-arg","locations":[{"start":{"line":22,"column":53},"end":{"line":22,"column":58}}],"line":22},"2":{"loc":{"start":{"line":29,"column":4},"end":{"line":31,"column":5}},"type":"if","locations":[{"start":{"line":29,"column":4},"end":{"line":31,"column":5}},{"start":{},"end":{}}],"line":29},"3":{"loc":{"start":{"line":38,"column":4},"end":{"line":40,"column":5}},"type":"if","locations":[{"start":{"line":38,"column":4},"end":{"line":40,"column":5}},{"start":{},"end":{}}],"line":38},"4":{"loc":{"start":{"line":48,"column":4},"end":{"line":50,"column":5}},"type":"if","locations":[{"start":{"line":48,"column":4},"end":{"line":50,"column":5}},{"start":{},"end":{}}],"line":48},"5":{"loc":{"start":{"line":51,"column":4},"end":{"line":53,"column":5}},"type":"if","locations":[{"start":{"line":51,"column":4},"end":{"line":53,"column":5}},{"start":{},"end":{}}],"line":51}},"s":{"0":0,"1":0,"2":0,"3":0,"4":0,"5":0,"6":0,"7":0,"8":0,"9":0,"10":0,"11":0,"12":0,"13":0,"14":0,"15":0,"16":0,"17":0,"18":0,"19":0,"20":0},"f":{"0":0,"1":0,"2":0,"3":0,"4":0,"5":0},"b":{"0":[0],"1":[0],"2":[0,0],"3":[0,0],"4":[0,0],"5":[0,0]}}
,"C:\\Users\\vladi\\web\\code\\projects\\greenbook-fullstack\\client\\src\\hooks\\useTypedReduxHooks.ts": {"path":"C:\\Users\\vladi\\web\\code\\projects\\greenbook-fullstack\\client\\src\\hooks\\useTypedReduxHooks.ts","statementMap":{"0":{"start":{"line":5,"column":30},"end":{"line":5,"column":64}},"1":{"start":{"line":6,"column":30},"end":{"line":6,"column":66}}},"fnMap":{},"branchMap":{},"s":{"0":0,"1":0},"f":{},"b":{}}
,"C:\\Users\\vladi\\web\\code\\projects\\greenbook-fullstack\\client\\src\\pages\\Cart\\index.tsx": {"path":"C:\\Users\\vladi\\web\\code\\projects\\greenbook-fullstack\\client\\src\\pages\\Cart\\index.tsx","statementMap":{"0":{"start":{"line":11,"column":15},"end":{"line":11,"column":41}},"1":{"start":{"line":12,"column":22},"end":{"line":12,"column":55}},"2":{"start":{"line":13,"column":28},"end":{"line":13,"column":39}},"3":{"start":{"line":15,"column":2},"end":{"line":21,"column":12}},"4":{"start":{"line":16,"column":17},"end":{"line":16,"column":18}},"5":{"start":{"line":17,"column":4},"end":{"line":19,"column":7}},"6":{"start":{"line":18,"column":6},"end":{"line":18,"column":53}},"7":{"start":{"line":20,"column":4},"end":{"line":20,"column":40}},"8":{"start":{"line":24,"column":2},"end":{"line":57,"column":4}}},"fnMap":{"0":{"name":"Cart","decl":{"start":{"line":10,"column":9},"end":{"line":10,"column":13}},"loc":{"start":{"line":10,"column":16},"end":{"line":58,"column":1}},"line":10},"1":{"name":"(anonymous_1)","decl":{"start":{"line":15,"column":12},"end":{"line":15,"column":13}},"loc":{"start":{"line":15,"column":18},"end":{"line":21,"column":3}},"line":15},"2":{"name":"(anonymous_2)","decl":{"start":{"line":17,"column":23},"end":{"line":17,"column":24}},"loc":{"start":{"line":17,"column":33},"end":{"line":19,"column":5}},"line":17}},"branchMap":{"0":{"loc":{"start":{"line":26,"column":7},"end":{"line":51,"column":20}},"type":"cond-expr","locations":[{"start":{"line":27,"column":8},"end":{"line":49,"column":14}},{"start":{"line":51,"column":8},"end":{"line":51,"column":20}}],"line":26}},"s":{"0":0,"1":0,"2":0,"3":0,"4":0,"5":0,"6":0,"7":0,"8":0},"f":{"0":0,"1":0,"2":0},"b":{"0":[0,0]}}
,"C:\\Users\\vladi\\web\\code\\projects\\greenbook-fullstack\\client\\src\\pages\\Cart\\components\\EmptyCart.tsx": {"path":"C:\\Users\\vladi\\web\\code\\projects\\greenbook-fullstack\\client\\src\\pages\\Cart\\components\\EmptyCart.tsx","statementMap":{"0":{"start":{"line":8,"column":2},"end":{"line":19,"column":4}}},"fnMap":{"0":{"name":"EmptyCart","decl":{"start":{"line":7,"column":9},"end":{"line":7,"column":18}},"loc":{"start":{"line":7,"column":21},"end":{"line":20,"column":1}},"line":7}},"branchMap":{},"s":{"0":0},"f":{"0":0},"b":{}}
,"C:\\Users\\vladi\\web\\code\\projects\\greenbook-fullstack\\client\\src\\pages\\Cart\\components\\Order.tsx": {"path":"C:\\Users\\vladi\\web\\code\\projects\\greenbook-fullstack\\client\\src\\pages\\Cart\\components\\Order.tsx","statementMap":{"0":{"start":{"line":8,"column":2},"end":{"line":38,"column":4}}},"fnMap":{"0":{"name":"Order","decl":{"start":{"line":7,"column":9},"end":{"line":7,"column":14}},"loc":{"start":{"line":7,"column":41},"end":{"line":39,"column":1}},"line":7}},"branchMap":{},"s":{"0":0},"f":{"0":0},"b":{}}
,"C:\\Users\\vladi\\web\\code\\projects\\greenbook-fullstack\\client\\src\\pages\\Cart\\components\\CartList\\Count.tsx": {"path":"C:\\Users\\vladi\\web\\code\\projects\\greenbook-fullstack\\client\\src\\pages\\Cart\\components\\CartList\\Count.tsx","statementMap":{"0":{"start":{"line":13,"column":34},"end":{"line":13,"column":59}},"1":{"start":{"line":14,"column":19},"end":{"line":14,"column":35}},"2":{"start":{"line":17,"column":2},"end":{"line":19,"column":24}},"3":{"start":{"line":18,"column":4},"end":{"line":18,"column":33}},"4":{"start":{"line":23,"column":4},"end":{"line":28,"column":5}},"5":{"start":{"line":24,"column":6},"end":{"line":27,"column":7}},"6":{"start":{"line":25,"column":8},"end":{"line":25,"column":65}},"7":{"start":{"line":26,"column":8},"end":{"line":26,"column":33}},"8":{"start":{"line":31,"column":18},"end":{"line":31,"column":44}},"9":{"start":{"line":32,"column":4},"end":{"line":34,"column":5}},"10":{"start":{"line":33,"column":6},"end":{"line":33,"column":25}},"11":{"start":{"line":37,"column":4},"end":{"line":41,"column":5}},"12":{"start":{"line":38,"column":6},"end":{"line":38,"column":53}},"13":{"start":{"line":39,"column":6},"end":{"line":39,"column":21}},"14":{"start":{"line":40,"column":6},"end":{"line":40,"column":13}},"15":{"start":{"line":42,"column":4},"end":{"line":42,"column":58}},"16":{"start":{"line":47,"column":2},"end":{"line":64,"column":4}}},"fnMap":{"0":{"name":"Count","decl":{"start":{"line":12,"column":9},"end":{"line":12,"column":14}},"loc":{"start":{"line":12,"column":60},"end":{"line":65,"column":1}},"line":12},"1":{"name":"(anonymous_1)","decl":{"start":{"line":17,"column":12},"end":{"line":17,"column":13}},"loc":{"start":{"line":17,"column":18},"end":{"line":19,"column":3}},"line":17},"2":{"name":"handleButton","decl":{"start":{"line":22,"column":11},"end":{"line":22,"column":23}},"loc":{"start":{"line":22,"column":45},"end":{"line":29,"column":3}},"line":22},"3":{"name":"(anonymous_3)","decl":{"start":{"line":23,"column":11},"end":{"line":23,"column":12}},"loc":{"start":{"line":23,"column":17},"end":{"line":28,"column":5}},"line":23},"4":{"name":"handleChange","decl":{"start":{"line":30,"column":11},"end":{"line":30,"column":23}},"loc":{"start":{"line":30,"column":68},"end":{"line":35,"column":3}},"line":30},"5":{"name":"handleBlur","decl":{"start":{"line":36,"column":11},"end":{"line":36,"column":21}},"loc":{"start":{"line":36,"column":24},"end":{"line":43,"column":3}},"line":36}},"branchMap":{"0":{"loc":{"start":{"line":24,"column":6},"end":{"line":27,"column":7}},"type":"if","locations":[{"start":{"line":24,"column":6},"end":{"line":27,"column":7}},{"start":{},"end":{}}],"line":24},"1":{"loc":{"start":{"line":32,"column":4},"end":{"line":34,"column":5}},"type":"if","locations":[{"start":{"line":32,"column":4},"end":{"line":34,"column":5}},{"start":{},"end":{}}],"line":32},"2":{"loc":{"start":{"line":37,"column":4},"end":{"line":41,"column":5}},"type":"if","locations":[{"start":{"line":37,"column":4},"end":{"line":41,"column":5}},{"start":{},"end":{}}],"line":37}},"s":{"0":0,"1":0,"2":0,"3":0,"4":0,"5":0,"6":0,"7":0,"8":0,"9":0,"10":0,"11":0,"12":0,"13":0,"14":0,"15":0,"16":0},"f":{"0":0,"1":0,"2":0,"3":0,"4":0,"5":0},"b":{"0":[0,0],"1":[0,0],"2":[0,0]}}
,"C:\\Users\\vladi\\web\\code\\projects\\greenbook-fullstack\\client\\src\\pages\\Cart\\components\\CartList\\Item.tsx": {"path":"C:\\Users\\vladi\\web\\code\\projects\\greenbook-fullstack\\client\\src\\pages\\Cart\\components\\CartList\\Item.tsx","statementMap":{"0":{"start":{"line":12,"column":19},"end":{"line":12,"column":35}},"1":{"start":{"line":13,"column":19},"end":{"line":13,"column":58}},"2":{"start":{"line":17,"column":4},"end":{"line":17,"column":42}},"3":{"start":{"line":20,"column":2},"end":{"line":57,"column":4}}},"fnMap":{"0":{"name":"Item","decl":{"start":{"line":11,"column":9},"end":{"line":11,"column":13}},"loc":{"start":{"line":11,"column":40},"end":{"line":58,"column":1}},"line":11},"1":{"name":"handleRemove","decl":{"start":{"line":16,"column":11},"end":{"line":16,"column":23}},"loc":{"start":{"line":16,"column":26},"end":{"line":18,"column":3}},"line":16}},"branchMap":{},"s":{"0":0,"1":0,"2":0,"3":0},"f":{"0":0,"1":0},"b":{}}
,"C:\\Users\\vladi\\web\\code\\projects\\greenbook-fullstack\\client\\src\\pages\\Cart\\components\\CartList\\index.tsx": {"path":"C:\\Users\\vladi\\web\\code\\projects\\greenbook-fullstack\\client\\src\\pages\\Cart\\components\\CartList\\index.tsx","statementMap":{"0":{"start":{"line":8,"column":19},"end":{"line":8,"column":35}},"1":{"start":{"line":11,"column":4},"end":{"line":11,"column":24}},"2":{"start":{"line":14,"column":2},"end":{"line":46,"column":4}},"3":{"start":{"line":35,"column":10},"end":{"line":35,"column":43}}},"fnMap":{"0":{"name":"CartList","decl":{"start":{"line":7,"column":9},"end":{"line":7,"column":17}},"loc":{"start":{"line":7,"column":48},"end":{"line":47,"column":1}},"line":7},"1":{"name":"handleCartUpdate","decl":{"start":{"line":10,"column":11},"end":{"line":10,"column":27}},"loc":{"start":{"line":10,"column":30},"end":{"line":12,"column":3}},"line":10},"2":{"name":"(anonymous_2)","decl":{"start":{"line":34,"column":19},"end":{"line":34,"column":20}},"loc":{"start":{"line":35,"column":10},"end":{"line":35,"column":43}},"line":35}},"branchMap":{},"s":{"0":0,"1":0,"2":0,"3":0},"f":{"0":0,"1":0,"2":0},"b":{}}
,"C:\\Users\\vladi\\web\\code\\projects\\greenbook-fullstack\\client\\src\\pages\\Catalog\\index.tsx": {"path":"C:\\Users\\vladi\\web\\code\\projects\\greenbook-fullstack\\client\\src\\pages\\Catalog\\index.tsx","statementMap":{"0":{"start":{"line":16,"column":14},"end":{"line":16,"column":16}},"1":{"start":{"line":18,"column":17},"end":{"line":18,"column":45}},"2":{"start":{"line":19,"column":28},"end":{"line":19,"column":45}},"3":{"start":{"line":20,"column":30},"end":{"line":20,"column":51}},"4":{"start":{"line":21,"column":42},"end":{"line":21,"column":57}},"5":{"start":{"line":22,"column":21},"end":{"line":22,"column":32}},"6":{"start":{"line":23,"column":25},"end":{"line":23,"column":42}},"7":{"start":{"line":26,"column":2},"end":{"line":32,"column":25}},"8":{"start":{"line":27,"column":25},"end":{"line":27,"column":74}},"9":{"start":{"line":27,"column":46},"end":{"line":27,"column":73}},"10":{"start":{"line":28,"column":4},"end":{"line":31,"column":5}},"11":{"start":{"line":29,"column":6},"end":{"line":29,"column":29}},"12":{"start":{"line":30,"column":6},"end":{"line":30,"column":78}},"13":{"start":{"line":34,"column":2},"end":{"line":39,"column":31}},"14":{"start":{"line":35,"column":17},"end":{"line":35,"column":54}},"15":{"start":{"line":36,"column":19},"end":{"line":36,"column":37}},"16":{"start":{"line":38,"column":4},"end":{"line":38,"column":67}},"17":{"start":{"line":43,"column":2},"end":{"line":66,"column":4}}},"fnMap":{"0":{"name":"Catalog","decl":{"start":{"line":17,"column":9},"end":{"line":17,"column":16}},"loc":{"start":{"line":17,"column":19},"end":{"line":67,"column":1}},"line":17},"1":{"name":"(anonymous_1)","decl":{"start":{"line":26,"column":12},"end":{"line":26,"column":13}},"loc":{"start":{"line":26,"column":18},"end":{"line":32,"column":3}},"line":26},"2":{"name":"(anonymous_2)","decl":{"start":{"line":27,"column":37},"end":{"line":27,"column":38}},"loc":{"start":{"line":27,"column":46},"end":{"line":27,"column":73}},"line":27},"3":{"name":"(anonymous_3)","decl":{"start":{"line":34,"column":12},"end":{"line":34,"column":13}},"loc":{"start":{"line":34,"column":18},"end":{"line":39,"column":3}},"line":34}},"branchMap":{"0":{"loc":{"start":{"line":28,"column":4},"end":{"line":31,"column":5}},"type":"if","locations":[{"start":{"line":28,"column":4},"end":{"line":31,"column":5}},{"start":{},"end":{}}],"line":28},"1":{"loc":{"start":{"line":35,"column":17},"end":{"line":35,"column":54}},"type":"binary-expr","locations":[{"start":{"line":35,"column":17},"end":{"line":35,"column":49}},{"start":{"line":35,"column":53},"end":{"line":35,"column":54}}],"line":35},"2":{"loc":{"start":{"line":46,"column":9},"end":{"line":62,"column":18}},"type":"binary-expr","locations":[{"start":{"line":46,"column":9},"end":{"line":46,"column":13}},{"start":{"line":47,"column":10},"end":{"line":62,"column":18}}],"line":46},"3":{"loc":{"start":{"line":52,"column":15},"end":{"line":53,"column":83}},"type":"binary-expr","locations":[{"start":{"line":52,"column":15},"end":{"line":52,"column":36}},{"start":{"line":53,"column":16},"end":{"line":53,"column":83}}],"line":52}},"s":{"0":0,"1":0,"2":0,"3":0,"4":0,"5":0,"6":0,"7":0,"8":0,"9":0,"10":0,"11":0,"12":0,"13":0,"14":0,"15":0,"16":0,"17":0},"f":{"0":0,"1":0,"2":0,"3":0},"b":{"0":[0,0],"1":[0,0],"2":[0,0],"3":[0,0]}}
,"C:\\Users\\vladi\\web\\code\\projects\\greenbook-fullstack\\client\\src\\pages\\Catalog\\components\\ProductList.tsx": {"path":"C:\\Users\\vladi\\web\\code\\projects\\greenbook-fullstack\\client\\src\\pages\\Catalog\\components\\ProductList.tsx","statementMap":{"0":{"start":{"line":14,"column":2},"end":{"line":26,"column":4}},"1":{"start":{"line":18,"column":10},"end":{"line":18,"column":43}}},"fnMap":{"0":{"name":"ProductList","decl":{"start":{"line":12,"column":9},"end":{"line":12,"column":20}},"loc":{"start":{"line":12,"column":60},"end":{"line":27,"column":1}},"line":12},"1":{"name":"(anonymous_1)","decl":{"start":{"line":17,"column":19},"end":{"line":17,"column":20}},"loc":{"start":{"line":18,"column":10},"end":{"line":18,"column":43}},"line":18}},"branchMap":{},"s":{"0":0,"1":0},"f":{"0":0,"1":0},"b":{}}
,"C:\\Users\\vladi\\web\\code\\projects\\greenbook-fullstack\\client\\src\\pages\\Catalog\\components\\Filter\\FilterAccordionButton.tsx": {"path":"C:\\Users\\vladi\\web\\code\\projects\\greenbook-fullstack\\client\\src\\pages\\Catalog\\components\\Filter\\FilterAccordionButton.tsx","statementMap":{"0":{"start":{"line":6,"column":2},"end":{"line":11,"column":4}}},"fnMap":{"0":{"name":"FilterAccordionButton","decl":{"start":{"line":5,"column":9},"end":{"line":5,"column":30}},"loc":{"start":{"line":5,"column":72},"end":{"line":12,"column":1}},"line":5}},"branchMap":{},"s":{"0":0},"f":{"0":0},"b":{}}
,"C:\\Users\\vladi\\web\\code\\projects\\greenbook-fullstack\\client\\src\\pages\\Catalog\\components\\Filter\\Genres.tsx": {"path":"C:\\Users\\vladi\\web\\code\\projects\\greenbook-fullstack\\client\\src\\pages\\Catalog\\components\\Filter\\Genres.tsx","statementMap":{"0":{"start":{"line":9,"column":17},"end":{"line":9,"column":45}},"1":{"start":{"line":11,"column":2},"end":{"line":26,"column":4}},"2":{"start":{"line":15,"column":8},"end":{"line":22,"column":13}},"3":{"start":{"line":18,"column":39},"end":{"line":18,"column":92}}},"fnMap":{"0":{"name":"Genres","decl":{"start":{"line":8,"column":9},"end":{"line":8,"column":15}},"loc":{"start":{"line":8,"column":18},"end":{"line":27,"column":1}},"line":8},"1":{"name":"(anonymous_1)","decl":{"start":{"line":14,"column":18},"end":{"line":14,"column":19}},"loc":{"start":{"line":15,"column":8},"end":{"line":22,"column":13}},"line":15},"2":{"name":"(anonymous_2)","decl":{"start":{"line":18,"column":23},"end":{"line":18,"column":24}},"loc":{"start":{"line":18,"column":39},"end":{"line":18,"column":92}},"line":18}},"branchMap":{"0":{"loc":{"start":{"line":18,"column":65},"end":{"line":18,"column":91}},"type":"binary-expr","locations":[{"start":{"line":18,"column":65},"end":{"line":18,"column":73}},{"start":{"line":18,"column":77},"end":{"line":18,"column":91}}],"line":18}},"s":{"0":0,"1":0,"2":0,"3":0},"f":{"0":0,"1":0,"2":0},"b":{"0":[0,0]}}
,"C:\\Users\\vladi\\web\\code\\projects\\greenbook-fullstack\\client\\src\\pages\\Catalog\\components\\Filter\\Price.tsx": {"path":"C:\\Users\\vladi\\web\\code\\projects\\greenbook-fullstack\\client\\src\\pages\\Catalog\\components\\Filter\\Price.tsx","statementMap":{"0":{"start":{"line":13,"column":42},"end":{"line":13,"column":59}},"1":{"start":{"line":14,"column":38},"end":{"line":14,"column":63}},"2":{"start":{"line":17,"column":26},"end":{"line":17,"column":51}},"3":{"start":{"line":18,"column":4},"end":{"line":20,"column":5}},"4":{"start":{"line":19,"column":6},"end":{"line":19,"column":44}},"5":{"start":{"line":21,"column":28},"end":{"line":21,"column":52}},"6":{"start":{"line":22,"column":4},"end":{"line":25,"column":6}},"7":{"start":{"line":29,"column":4},"end":{"line":33,"column":5}},"8":{"start":{"line":30,"column":6},"end":{"line":30,"column":69}},"9":{"start":{"line":32,"column":6},"end":{"line":32,"column":35}},"10":{"start":{"line":34,"column":4},"end":{"line":34,"column":34}},"11":{"start":{"line":38,"column":4},"end":{"line":40,"column":5}},"12":{"start":{"line":39,"column":6},"end":{"line":39,"column":77}},"13":{"start":{"line":39,"column":29},"end":{"line":39,"column":74}},"14":{"start":{"line":43,"column":4},"end":{"line":45,"column":5}},"15":{"start":{"line":44,"column":6},"end":{"line":44,"column":63}},"16":{"start":{"line":44,"column":36},"end":{"line":44,"column":60}},"17":{"start":{"line":46,"column":4},"end":{"line":48,"column":5}},"18":{"start":{"line":47,"column":6},"end":{"line":47,"column":69}},"19":{"start":{"line":47,"column":36},"end":{"line":47,"column":66}},"20":{"start":{"line":49,"column":4},"end":{"line":49,"column":19}},"21":{"start":{"line":52,"column":4},"end":{"line":54,"column":5}},"22":{"start":{"line":53,"column":6},"end":{"line":53,"column":63}},"23":{"start":{"line":53,"column":36},"end":{"line":53,"column":60}},"24":{"start":{"line":55,"column":4},"end":{"line":57,"column":5}},"25":{"start":{"line":56,"column":6},"end":{"line":56,"column":69}},"26":{"start":{"line":56,"column":36},"end":{"line":56,"column":66}},"27":{"start":{"line":58,"column":4},"end":{"line":58,"column":19}},"28":{"start":{"line":61,"column":2},"end":{"line":84,"column":4}}},"fnMap":{"0":{"name":"Price","decl":{"start":{"line":12,"column":9},"end":{"line":12,"column":14}},"loc":{"start":{"line":12,"column":49},"end":{"line":85,"column":1}},"line":12},"1":{"name":"getPriceRange","decl":{"start":{"line":16,"column":11},"end":{"line":16,"column":24}},"loc":{"start":{"line":16,"column":27},"end":{"line":26,"column":3}},"line":16},"2":{"name":"setPriceParam","decl":{"start":{"line":28,"column":11},"end":{"line":28,"column":24}},"loc":{"start":{"line":28,"column":27},"end":{"line":35,"column":3}},"line":28},"3":{"name":"handleChangePrice","decl":{"start":{"line":37,"column":11},"end":{"line":37,"column":28}},"loc":{"start":{"line":37,"column":50},"end":{"line":41,"column":3}},"line":37},"4":{"name":"(anonymous_4)","decl":{"start":{"line":38,"column":11},"end":{"line":38,"column":12}},"loc":{"start":{"line":38,"column":59},"end":{"line":40,"column":5}},"line":38},"5":{"name":"(anonymous_5)","decl":{"start":{"line":39,"column":20},"end":{"line":39,"column":21}},"loc":{"start":{"line":39,"column":29},"end":{"line":39,"column":74}},"line":39},"6":{"name":"isValidPriceMin","decl":{"start":{"line":42,"column":11},"end":{"line":42,"column":26}},"loc":{"start":{"line":42,"column":29},"end":{"line":50,"column":3}},"line":42},"7":{"name":"(anonymous_7)","decl":{"start":{"line":44,"column":27},"end":{"line":44,"column":28}},"loc":{"start":{"line":44,"column":36},"end":{"line":44,"column":60}},"line":44},"8":{"name":"(anonymous_8)","decl":{"start":{"line":47,"column":27},"end":{"line":47,"column":28}},"loc":{"start":{"line":47,"column":36},"end":{"line":47,"column":66}},"line":47},"9":{"name":"isValidPriceMax","decl":{"start":{"line":51,"column":11},"end":{"line":51,"column":26}},"loc":{"start":{"line":51,"column":29},"end":{"line":59,"column":3}},"line":51},"10":{"name":"(anonymous_10)","decl":{"start":{"line":53,"column":27},"end":{"line":53,"column":28}},"loc":{"start":{"line":53,"column":36},"end":{"line":53,"column":60}},"line":53},"11":{"name":"(anonymous_11)","decl":{"start":{"line":56,"column":27},"end":{"line":56,"column":28}},"loc":{"start":{"line":56,"column":36},"end":{"line":56,"column":66}},"line":56}},"branchMap":{"0":{"loc":{"start":{"line":18,"column":4},"end":{"line":20,"column":5}},"type":"if","locations":[{"start":{"line":18,"column":4},"end":{"line":20,"column":5}},{"start":{},"end":{}}],"line":18},"1":{"loc":{"start":{"line":29,"column":4},"end":{"line":33,"column":5}},"type":"if","locations":[{"start":{"line":29,"column":4},"end":{"line":33,"column":5}},{"start":{"line":31,"column":11},"end":{"line":33,"column":5}}],"line":29},"2":{"loc":{"start":{"line":29,"column":8},"end":{"line":29,"column":66}},"type":"binary-expr","locations":[{"start":{"line":29,"column":8},"end":{"line":29,"column":35}},{"start":{"line":29,"column":39},"end":{"line":29,"column":66}}],"line":29},"3":{"loc":{"start":{"line":43,"column":4},"end":{"line":45,"column":5}},"type":"if","locations":[{"start":{"line":43,"column":4},"end":{"line":45,"column":5}},{"start":{},"end":{}}],"line":43},"4":{"loc":{"start":{"line":46,"column":4},"end":{"line":48,"column":5}},"type":"if","locations":[{"start":{"line":46,"column":4},"end":{"line":48,"column":5}},{"start":{},"end":{}}],"line":46},"5":{"loc":{"start":{"line":52,"column":4},"end":{"line":54,"column":5}},"type":"if","locations":[{"start":{"line":52,"column":4},"end":{"line":54,"column":5}},{"start":{},"end":{}}],"line":52},"6":{"loc":{"start":{"line":55,"column":4},"end":{"line":57,"column":5}},"type":"if","locations":[{"start":{"line":55,"column":4},"end":{"line":57,"column":5}},{"start":{},"end":{}}],"line":55}},"s":{"0":0,"1":0,"2":0,"3":0,"4":0,"5":0,"6":0,"7":0,"8":0,"9":0,"10":0,"11":0,"12":0,"13":0,"14":0,"15":0,"16":0,"17":0,"18":0,"19":0,"20":0,"21":0,"22":0,"23":0,"24":0,"25":0,"26":0,"27":0,"28":0},"f":{"0":0,"1":0,"2":0,"3":0,"4":0,"5":0,"6":0,"7":0,"8":0,"9":0,"10":0,"11":0},"b":{"0":[0,0],"1":[0,0],"2":[0,0],"3":[0,0],"4":[0,0],"5":[0,0],"6":[0,0]}}
,"C:\\Users\\vladi\\web\\code\\projects\\greenbook-fullstack\\client\\src\\pages\\Catalog\\components\\Filter\\index.tsx": {"path":"C:\\Users\\vladi\\web\\code\\projects\\greenbook-fullstack\\client\\src\\pages\\Catalog\\components\\Filter\\index.tsx","statementMap":{"0":{"start":{"line":11,"column":25},"end":{"line":14,"column":3}},"1":{"start":{"line":12,"column":39},"end":{"line":12,"column":48}},"2":{"start":{"line":13,"column":38},"end":{"line":13,"column":78}},"3":{"start":{"line":16,"column":2},"end":{"line":33,"column":4}},"4":{"start":{"line":21,"column":10},"end":{"line":28,"column":26}}},"fnMap":{"0":{"name":"Filter","decl":{"start":{"line":9,"column":9},"end":{"line":9,"column":15}},"loc":{"start":{"line":9,"column":18},"end":{"line":34,"column":1}},"line":9},"1":{"name":"(anonymous_1)","decl":{"start":{"line":12,"column":33},"end":{"line":12,"column":34}},"loc":{"start":{"line":12,"column":39},"end":{"line":12,"column":48}},"line":12},"2":{"name":"(anonymous_2)","decl":{"start":{"line":13,"column":32},"end":{"line":13,"column":33}},"loc":{"start":{"line":13,"column":38},"end":{"line":13,"column":78}},"line":13},"3":{"name":"(anonymous_3)","decl":{"start":{"line":20,"column":28},"end":{"line":20,"column":29}},"loc":{"start":{"line":21,"column":10},"end":{"line":28,"column":26}},"line":21}},"branchMap":{},"s":{"0":0,"1":0,"2":0,"3":0,"4":0},"f":{"0":0,"1":0,"2":0,"3":0},"b":{}}
,"C:\\Users\\vladi\\web\\code\\projects\\greenbook-fullstack\\client\\src\\pages\\Error\\NotFound.tsx": {"path":"C:\\Users\\vladi\\web\\code\\projects\\greenbook-fullstack\\client\\src\\pages\\Error\\NotFound.tsx","statementMap":{"0":{"start":{"line":7,"column":2},"end":{"line":14,"column":4}}},"fnMap":{"0":{"name":"NotFound","decl":{"start":{"line":6,"column":9},"end":{"line":6,"column":17}},"loc":{"start":{"line":6,"column":20},"end":{"line":15,"column":1}},"line":6}},"branchMap":{},"s":{"0":0},"f":{"0":0},"b":{}}
,"C:\\Users\\vladi\\web\\code\\projects\\greenbook-fullstack\\client\\src\\pages\\Error\\index.tsx": {"path":"C:\\Users\\vladi\\web\\code\\projects\\greenbook-fullstack\\client\\src\\pages\\Error\\index.tsx","statementMap":{"0":{"start":{"line":8,"column":16},"end":{"line":8,"column":31}},"1":{"start":{"line":10,"column":2},"end":{"line":14,"column":4}}},"fnMap":{"0":{"name":"Error","decl":{"start":{"line":7,"column":9},"end":{"line":7,"column":14}},"loc":{"start":{"line":7,"column":17},"end":{"line":15,"column":1}},"line":7}},"branchMap":{},"s":{"0":0,"1":0},"f":{"0":0},"b":{}}
,"C:\\Users\\vladi\\web\\code\\projects\\greenbook-fullstack\\client\\src\\pages\\Home\\index.tsx": {"path":"C:\\Users\\vladi\\web\\code\\projects\\greenbook-fullstack\\client\\src\\pages\\Home\\index.tsx","statementMap":{"0":{"start":{"line":6,"column":2},"end":{"line":12,"column":2}}},"fnMap":{"0":{"name":"Home","decl":{"start":{"line":4,"column":9},"end":{"line":4,"column":13}},"loc":{"start":{"line":4,"column":16},"end":{"line":13,"column":1}},"line":4}},"branchMap":{},"s":{"0":0},"f":{"0":0},"b":{}}
[...]
,"column":6},"end":{"line":29,"column":46}},"9":{"start":{"line":33,"column":26},"end":{"line":41,"column":4}},"10":{"start":{"line":36,"column":17},"end":{"line":36,"column":48}},"11":{"start":{"line":38,"column":4},"end":{"line":40,"column":7}},"12":{"start":{"line":39,"column":6},"end":{"line":39,"column":47}},"13":{"start":{"line":43,"column":29},"end":{"line":63,"column":4}},"14":{"start":{"line":46,"column":19},"end":{"line":46,"column":55}},"15":{"start":{"line":47,"column":21},"end":{"line":47,"column":69}},"16":{"start":{"line":49,"column":4},"end":{"line":52,"column":5}},"17":{"start":{"line":50,"column":6},"end":{"line":50,"column":42}},"18":{"start":{"line":51,"column":6},"end":{"line":51,"column":13}},"19":{"start":{"line":54,"column":4},"end":{"line":62,"column":5}},"20":{"start":{"line":55,"column":7},"end":{"line":58,"column":10}},"21":{"start":{"line":60,"column":6},"end":{"line":60,"column":42}},"22":{"start":{"line":61,"column":6},"end":{"line":61,"column":37}},"23":{"start":{"line":64,"column":34},"end":{"line":73,"column":4}},"24":{"start":{"line":67,"column":19},"end":{"line":67,"column":55}},"25":{"start":{"line":68,"column":4},"end":{"line":68,"column":50}},"26":{"start":{"line":70,"column":4},"end":{"line":72,"column":5}},"27":{"start":{"line":71,"column":6},"end":{"line":71,"column":43}},"28":{"start":{"line":75,"column":32},"end":{"line":84,"column":4}},"29":{"start":{"line":78,"column":19},"end":{"line":78,"column":55}},"30":{"start":{"line":79,"column":4},"end":{"line":79,"column":52}},"31":{"start":{"line":81,"column":4},"end":{"line":83,"column":5}},"32":{"start":{"line":82,"column":6},"end":{"line":82,"column":37}},"33":{"start":{"line":88,"column":24},"end":{"line":88,"column":55}},"34":{"start":{"line":90,"column":33},"end":{"line":94,"column":1}},"35":{"start":{"line":96,"column":18},"end":{"line":159,"column":2}},"36":{"start":{"line":101,"column":6},"end":{"line":101,"column":29}},"37":{"start":{"line":103,"column":6},"end":{"line":103,"column":57}},"38":{"start":{"line":104,"column":6},"end":{"line":104,"column":50}},"39":{"start":{"line":105,"column":6},"end":{"line":105,"column":28}},"40":{"start":{"line":106,"column":6},"end":{"line":106,"column":44}},"41":{"start":{"line":109,"column":19},"end":{"line":109,"column":42}},"42":{"start":{"line":111,"column":6},"end":{"line":114,"column":7}},"43":{"start":{"line":112,"column":8},"end":{"line":112,"column":33}},"44":{"start":{"line":113,"column":8},"end":{"line":113,"column":49}},"45":{"start":{"line":115,"column":6},"end":{"line":115,"column":28}},"46":{"start":{"line":118,"column":6},"end":{"line":118,"column":39}},"47":{"start":{"line":119,"column":6},"end":{"line":119,"column":55}},"48":{"start":{"line":120,"column":6},"end":{"line":120,"column":42}},"49":{"start":{"line":123,"column":6},"end":{"line":125,"column":7}},"50":{"start":{"line":124,"column":8},"end":{"line":124,"column":15}},"51":{"start":{"line":127,"column":33},"end":{"line":133,"column":7}},"52":{"start":{"line":135,"column":6},"end":{"line":135,"column":55}},"53":{"start":{"line":136,"column":6},"end":{"line":136,"column":31}},"54":{"start":{"line":137,"column":6},"end":{"line":137,"column":44}},"55":{"start":{"line":140,"column":23},"end":{"line":140,"column":52}},"56":{"start":{"line":141,"column":6},"end":{"line":143,"column":7}},"57":{"start":{"line":142,"column":8},"end":{"line":142,"column":15}},"58":{"start":{"line":145,"column":6},"end":{"line":145,"column":47}},"59":{"start":{"line":146,"column":6},"end":{"line":146,"column":54}},"60":{"start":{"line":147,"column":6},"end":{"line":147,"column":44}},"61":{"start":{"line":150,"column":29},"end":{"line":150,"column":36}},"62":{"start":{"line":151,"column":34},"end":{"line":151,"column":67}},"63":{"start":{"line":153,"column":6},"end":{"line":153,"column":51}},"64":{"start":{"line":154,"column":6},"end":{"line":154,"column":49}},"65":{"start":{"line":155,"column":6},"end":{"line":155,"column":38}},"66":{"start":{"line":156,"column":6},"end":{"line":156,"column":44}},"67":{"start":{"line":170,"column":4},"end":{"line":170,"column":21}},"68":{"start":{"line":174,"column":22},"end":{"line":174,"column":52}},"69":{"start":{"line":175,"column":24},"end":{"line":175,"column":56}},"70":{"start":{"line":175,"column":46},"end":{"line":175,"column":56}},"71":{"start":{"line":176,"column":26},"end":{"line":182,"column":2}},"72":{"start":{"line":178,"column":2},"end":{"line":181,"column":3}},"73":{"start":{"line":183,"column":39},"end":{"line":183,"column":85}},"74":{"start":{"line":183,"column":61},"end":{"line":183,"column":85}},"75":{"start":{"line":184,"column":33},"end":{"line":184,"column":73}},"76":{"start":{"line":184,"column":55},"end":{"line":184,"column":73}}},"fnMap":{"0":{"name":"(anonymous_0)","decl":{"start":{"line":17,"column":2},"end":{"line":17,"column":3}},"loc":{"start":{"line":17,"column":25},"end":{"line":31,"column":3}},"line":17},"1":{"name":"(anonymous_1)","decl":{"start":{"line":35,"column":2},"end":{"line":35,"column":3}},"loc":{"start":{"line":35,"column":25},"end":{"line":41,"column":3}},"line":35},"2":{"name":"(anonymous_2)","decl":{"start":{"line":38,"column":42},"end":{"line":38,"column":43}},"loc":{"start":{"line":38,"column":58},"end":{"line":40,"column":5}},"line":38},"3":{"name":"(anonymous_3)","decl":{"start":{"line":45,"column":2},"end":{"line":45,"column":3}},"loc":{"start":{"line":45,"column":28},"end":{"line":63,"column":3}},"line":45},"4":{"name":"(anonymous_4)","decl":{"start":{"line":66,"column":2},"end":{"line":66,"column":3}},"loc":{"start":{"line":66,"column":34},"end":{"line":73,"column":3}},"line":66},"5":{"name":"(anonymous_5)","decl":{"start":{"line":77,"column":2},"end":{"line":77,"column":3}},"loc":{"start":{"line":77,"column":29},"end":{"line":84,"column":3}},"line":77},"6":{"name":"(anonymous_6)","decl":{"start":{"line":100,"column":13},"end":{"line":100,"column":14}},"loc":{"start":{"line":100,"column":67},"end":{"line":107,"column":5}},"line":100},"7":{"name":"(anonymous_7)","decl":{"start":{"line":108,"column":24},"end":{"line":108,"column":25}},"loc":{"start":{"line":108,"column":46},"end":{"line":116,"column":5}},"line":108},"8":{"name":"(anonymous_8)","decl":{"start":{"line":117,"column":16},"end":{"line":117,"column":17}},"loc":{"start":{"line":117,"column":38},"end":{"line":121,"column":5}},"line":117},"9":{"name":"(anonymous_9)","decl":{"start":{"line":122,"column":17},"end":{"line":122,"column":18}},"loc":{"start":{"line":122,"column":71},"end":{"line":138,"column":5}},"line":122},"10":{"name":"(anonymous_10)","decl":{"start":{"line":139,"column":20},"end":{"line":139,"column":21}},"loc":{"start":{"line":139,"column":76},"end":{"line":148,"column":5}},"line":139},"11":{"name":"(anonymous_11)","decl":{"start":{"line":149,"column":28},"end":{"line":149,"column":29}},"loc":{"start":{"line":149,"column":92},"end":{"line":157,"column":5}},"line":149},"12":{"name":"(anonymous_12)","decl":{"start":{"line":175,"column":24},"end":{"line":175,"column":25}},"loc":{"start":{"line":175,"column":46},"end":{"line":175,"column":56}},"line":175},"13":{"name":"(anonymous_13)","decl":{"start":{"line":177,"column":21},"end":{"line":177,"column":22}},"loc":{"start":{"line":177,"column":37},"end":{"line":182,"column":1}},"line":177},"14":{"name":"(anonymous_14)","decl":{"start":{"line":183,"column":39},"end":{"line":183,"column":40}},"loc":{"start":{"line":183,"column":61},"end":{"line":183,"column":85}},"line":183},"15":{"name":"(anonymous_15)","decl":{"start":{"line":184,"column":33},"end":{"line":184,"column":34}},"loc":{"start":{"line":184,"column":55},"end":{"line":184,"column":73}},"line":184}},"branchMap":{"0":{"loc":{"start":{"line":20,"column":4},"end":{"line":23,"column":5}},"type":"if","locations":[{"start":{"line":20,"column":4},"end":{"line":23,"column":5}},{"start":{},"end":{}}],"line":20},"1":{"loc":{"start":{"line":49,"column":4},"end":{"line":52,"column":5}},"type":"if","locations":[{"start":{"line":49,"column":4},"end":{"line":52,"column":5}},{"start":{},"end":{}}],"line":49},"2":{"loc":{"start":{"line":54,"column":4},"end":{"line":62,"column":5}},"type":"if","locations":[{"start":{"line":54,"column":4},"end":{"line":62,"column":5}},{"start":{"line":59,"column":11},"end":{"line":62,"column":5}}],"line":54},"3":{"loc":{"start":{"line":70,"column":4},"end":{"line":72,"column":5}},"type":"if","locations":[{"start":{"line":70,"column":4},"end":{"line":72,"column":5}},{"start":{},"end":{}}],"line":70},"4":{"loc":{"start":{"line":81,"column":4},"end":{"line":83,"column":5}},"type":"if","locations":[{"start":{"line":81,"column":4},"end":{"line":83,"column":5}},{"start":{},"end":{}}],"line":81},"5":{"loc":{"start":{"line":111,"column":6},"end":{"line":114,"column":7}},"type":"if","locations":[{"start":{"line":111,"column":6},"end":{"line":114,"column":7}},{"start":{},"end":{}}],"line":111},"6":{"loc":{"start":{"line":123,"column":6},"end":{"line":125,"column":7}},"type":"if","locations":[{"start":{"line":123,"column":6},"end":{"line":125,"column":7}},{"start":{},"end":{}}],"line":123},"7":{"loc":{"start":{"line":141,"column":6},"end":{"line":143,"column":7}},"type":"if","locations":[{"start":{"line":141,"column":6},"end":{"line":143,"column":7}},{"start":{},"end":{}}],"line":141}},"s":{"0":0,"1":0,"2":0,"3":0,"4":0,"5":0,"6":0,"7":0,"8":0,"9":0,"10":0,"11":0,"12":0,"13":0,"14":0,"15":0,"16":0,"17":0,"18":0,"19":0,"20":0,"21":0,"22":0,"23":0,"24":0,"25":0,"26":0,"27":0,"28":0,"29":0,"30":0,"31":0,"32":0,"33":0,"34":0,"35":0,"36":0,"37":0,"38":0,"39":0,"40":0,"41":0,"42":0,"43":0,"44":0,"45":0,"46":0,"47":0,"48":0,"49":0,"50":0,"51":0,"52":0,"53":0,"54":0,"55":0,"56":0,"57":0,"58":0,"59":0,"60":0,"61":0,"62":0,"63":0,"64":0,"65":0,"66":0,"67":0,"68":0,"69":0,"70":0,"71":0,"72":0,"73":0,"74":0,"75":0,"76":0},"f":{"0":0,"1":0,"2":0,"3":0,"4":0,"5":0,"6":0,"7":0,"8":0,"9":0,"10":0,"11":0,"12":0,"13":0,"14":0,"15":0},"b":{"0":[0,0],"1":[0,0],"2":[0,0],"3":[0,0],"4":[0,0],"5":[0,0],"6":[0,0],"7":[0,0]}}
,"C:\\Users\\vladi\\web\\code\\projects\\greenbook-fullstack\\client\\src\\store\\genres\\genres.slice.ts": {"path":"C:\\Users\\vladi\\web\\code\\projects\\greenbook-fullstack\\client\\src\\store\\genres\\genres.slice.ts","statementMap":{"0":{"start":{"line":13,"column":35},"end":{"line":15,"column":1}},"1":{"start":{"line":17,"column":25},"end":{"line":25,"column":4}},"2":{"start":{"line":20,"column":4},"end":{"line":24,"column":5}},"3":{"start":{"line":21,"column":6},"end":{"line":21,"column":35}},"4":{"start":{"line":23,"column":6},"end":{"line":23,"column":56}},"5":{"start":{"line":27,"column":20},"end":{"line":36,"column":2}},"6":{"start":{"line":32,"column":4},"end":{"line":34,"column":7}},"7":{"start":{"line":33,"column":6},"end":{"line":33,"column":28}},"8":{"start":{"line":39,"column":28},"end":{"line":39,"column":68}},"9":{"start":{"line":39,"column":50},"end":{"line":39,"column":68}}},"fnMap":{"0":{"name":"(anonymous_0)","decl":{"start":{"line":19,"column":2},"end":{"line":19,"column":3}},"loc":{"start":{"line":19,"column":26},"end":{"line":25,"column":3}},"line":19},"1":{"name":"(anonymous_1)","decl":{"start":{"line":31,"column":17},"end":{"line":31,"column":18}},"loc":{"start":{"line":31,"column":28},"end":{"line":35,"column":3}},"line":31},"2":{"name":"(anonymous_2)","decl":{"start":{"line":32,"column":41},"end":{"line":32,"column":42}},"loc":{"start":{"line":32,"column":76},"end":{"line":34,"column":5}},"line":32},"3":{"name":"(anonymous_3)","decl":{"start":{"line":39,"column":28},"end":{"line":39,"column":29}},"loc":{"start":{"line":39,"column":50},"end":{"line":39,"column":68}},"line":39}},"branchMap":{},"s":{"0":0,"1":0,"2":0,"3":0,"4":0,"5":0,"6":0,"7":0,"8":0,"9":0},"f":{"0":0,"1":0,"2":0,"3":0},"b":{}}
,"C:\\Users\\vladi\\web\\code\\projects\\greenbook-fullstack\\client\\src\\store\\userData\\userData.slice.ts": {"path":"C:\\Users\\vladi\\web\\code\\projects\\greenbook-fullstack\\client\\src\\store\\userData\\userData.slice.ts","statementMap":{"0":{"start":{"line":9,"column":35},"end":{"line":18,"column":1}},"1":{"start":{"line":19,"column":37},"end":{"line":28,"column":1}},"2":{"start":{"line":31,"column":24},"end":{"line":41,"column":2}},"3":{"start":{"line":34,"column":4},"end":{"line":40,"column":5}},"4":{"start":{"line":35,"column":23},"end":{"line":35,"column":47}},"5":{"start":{"line":36,"column":6},"end":{"line":36,"column":47}},"6":{"start":{"line":37,"column":6},"end":{"line":37,"column":38}},"7":{"start":{"line":39,"column":6},"end":{"line":39,"column":56}},"8":{"start":{"line":42,"column":21},"end":{"line":54,"column":1}},"9":{"start":{"line":45,"column":4},"end":{"line":52,"column":5}},"10":{"start":{"line":46,"column":23},"end":{"line":46,"column":44}},"11":{"start":{"line":47,"column":6},"end":{"line":47,"column":47}},"12":{"start":{"line":48,"column":6},"end":{"line":48,"column":35}},"13":{"start":{"line":49,"column":6},"end":{"line":49,"column":13}},"14":{"start":{"line":51,"column":6},"end":{"line":51,"column":56}},"15":{"start":{"line":55,"column":22},"end":{"line":62,"column":4}},"16":{"start":{"line":58,"column":4},"end":{"line":61,"column":7}},"17":{"start":{"line":59,"column":6},"end":{"line":59,"column":42}},"18":{"start":{"line":60,"column":6},"end":{"line":60,"column":38}},"19":{"start":{"line":63,"column":28},"end":{"line":77,"column":1}},"20":{"start":{"line":66,"column":19},"end":{"line":66,"column":55}},"21":{"start":{"line":67,"column":4},"end":{"line":69,"column":5}},"22":{"start":{"line":68,"column":6},"end":{"line":68,"column":66}},"23":{"start":{"line":71,"column":4},"end":{"line":75,"column":5}},"24":{"start":{"line":72,"column":6},"end":{"line":72,"column":38}},"25":{"start":{"line":74,"column":6},"end":{"line":74,"column":55}},"26":{"start":{"line":81,"column":22},"end":{"line":116,"column":2}},"27":{"start":{"line":86,"column":6},"end":{"line":86,"column":47}},"28":{"start":{"line":87,"column":6},"end":{"line":87,"column":32}},"29":{"start":{"line":88,"column":6},"end":{"line":88,"column":34}},"30":{"start":{"line":89,"column":6},"end":{"line":89,"column":41}},"31":{"start":{"line":92,"column":6},"end":{"line":92,"column":35}},"32":{"start":{"line":93,"column":6},"end":{"line":93,"column":35}},"33":{"start":{"line":94,"column":6},"end":{"line":94,"column":37}},"34":{"start":{"line":98,"column":4},"end":{"line":100,"column":7}},"35":{"start":{"line":99,"column":6},"end":{"line":99,"column":33}},"36":{"start":{"line":101,"column":4},"end":{"line":104,"column":7}},"37":{"start":{"line":102,"column":6},"end":{"line":102,"column":40}},"38":{"start":{"line":103,"column":6},"end":{"line":103,"column":34}},"39":{"start":{"line":105,"column":4},"end":{"line":114,"column":7}},"40":{"start":{"line":106,"column":6},"end":{"line":113,"column":7}},"41":{"start":{"line":107,"column":8},"end":{"line":107,"column":37}},"42":{"start":{"line":108,"column":8},"end":{"line":108,"column":39}},"43":{"start":{"line":109,"column":8},"end":{"line":109,"column":37}},"44":{"start":{"line":111,"column":8},"end":{"line":111,"column":31}},"45":{"start":{"line":112,"column":8},"end":{"line":112,"column":36}},"46":{"start":{"line":120,"column":38},"end":{"line":120,"column":59}},"47":{"start":{"line":121,"column":30},"end":{"line":121,"column":66}},"48":{"start":{"line":121,"column":52},"end":{"line":121,"column":66}},"49":{"start":{"line":122,"column":26},"end":{"line":122,"column":67}},"50":{"start":{"line":122,"column":48},"end":{"line":122,"column":67}},"51":{"start":{"line":123,"column":27},"end":{"line":123,"column":75}},"52":{"start":{"line":123,"column":49},"end":{"line":123,"column":75}}},"fnMap":{"0":{"name":"(anonymous_0)","decl":{"start":{"line":33,"column":2},"end":{"line":33,"column":3}},"loc":{"start":{"line":33,"column":28},"end":{"line":41,"column":1}},"line":33},"1":{"name":"(anonymous_1)","decl":{"start":{"line":44,"column":2},"end":{"line":44,"column":3}},"loc":{"start":{"line":44,"column":41},"end":{"line":53,"column":3}},"line":44},"2":{"name":"(anonymous_2)","decl":{"start":{"line":57,"column":2},"end":{"line":57,"column":3}},"loc":{"start":{"line":57,"column":25},"end":{"line":62,"column":3}},"line":57},"3":{"name":"(anonymous_3)","decl":{"start":{"line":58,"column":28},"end":{"line":58,"column":29}},"loc":{"start":{"line":58,"column":34},"end":{"line":61,"column":5}},"line":58},"4":{"name":"(anonymous_4)","decl":{"start":{"line":65,"column":2},"end":{"line":65,"column":3}},"loc":{"start":{"line":65,"column":25},"end":{"line":76,"column":3}},"line":65},"5":{"name":"(anonymous_5)","decl":{"start":{"line":85,"column":17},"end":{"line":85,"column":18}},"loc":{"start":{"line":85,"column":84},"end":{"line":90,"column":5}},"line":85},"6":{"name":"(anonymous_6)","decl":{"start":{"line":91,"column":20},"end":{"line":91,"column":21}},"loc":{"start":{"line":91,"column":46},"end":{"line":95,"column":5}},"line":91},"7":{"name":"(anonymous_7)","decl":{"start":{"line":97,"column":17},"end":{"line":97,"column":18}},"loc":{"start":{"line":97,"column":28},"end":{"line":115,"column":3}},"line":97},"8":{"name":"(anonymous_8)","decl":{"start":{"line":98,"column":42},"end":{"line":98,"column":43}},"loc":{"start":{"line":98,"column":68},"end":{"line":100,"column":5}},"line":98},"9":{"name":"(anonymous_9)","decl":{"start":{"line":101,"column":44},"end":{"line":101,"column":45}},"loc":{"start":{"line":101,"column":81},"end":{"line":104,"column":5}},"line":101},"10":{"name":"(anonymous_10)","decl":{"start":{"line":105,"column":43},"end":{"line":105,"column":44}},"loc":{"start":{"line":105,"column":80},"end":{"line":114,"column":5}},"line":105},"11":{"name":"(anonymous_11)","decl":{"start":{"line":121,"column":30},"end":{"line":121,"column":31}},"loc":{"start":{"line":121,"column":52},"end":{"line":121,"column":66}},"line":121},"12":{"name":"(anonymous_12)","decl":{"start":{"line":122,"column":26},"end":{"line":122,"column":27}},"loc":{"start":{"line":122,"column":48},"end":{"line":122,"column":67}},"line":122},"13":{"name":"(anonymous_13)","decl":{"start":{"line":123,"column":27},"end":{"line":123,"column":28}},"loc":{"start":{"line":123,"column":49},"end":{"line":123,"column":75}},"line":123}},"branchMap":{"0":{"loc":{"start":{"line":21,"column":8},"end":{"line":21,"column":39}},"type":"binary-expr","locations":[{"start":{"line":21,"column":8},"end":{"line":21,"column":33}},{"start":{"line":21,"column":37},"end":{"line":21,"column":39}}],"line":21},"1":{"loc":{"start":{"line":67,"column":4},"end":{"line":69,"column":5}},"type":"if","locations":[{"start":{"line":67,"column":4},"end":{"line":69,"column":5}},{"start":{},"end":{}}],"line":67},"2":{"loc":{"start":{"line":106,"column":6},"end":{"line":113,"column":7}},"type":"if","locations":[{"start":{"line":106,"column":6},"end":{"line":113,"column":7}},{"start":{"line":110,"column":13},"end":{"line":113,"column":7}}],"line":106}},"s":{"0":0,"1":0,"2":0,"3":0,"4":0,"5":0,"6":0,"7":0,"8":0,"9":0,"10":0,"11":0,"12":0,"13":0,"14":0,"15":0,"16":0,"17":0,"18":0,"19":0,"20":0,"21":0,"22":0,"23":0,"24":0,"25":0,"26":0,"27":0,"28":0,"29":0,"30":0,"31":0,"32":0,"33":0,"34":0,"35":0,"36":0,"37":0,"38":0,"39":0,"40":0,"41":0,"42":0,"43":0,"44":0,"45":0,"46":0,"47":0,"48":0,"49":0,"50":0,"51":0,"52":0},"f":{"0":0,"1":0,"2":0,"3":0,"4":0,"5":0,"6":0,"7":0,"8":0,"9":0,"10":0,"11":0,"12":0,"13":0},"b":{"0":[0,0],"1":[0,0],"2":[0,0]}}
,"C:\\Users\\vladi\\web\\code\\projects\\greenbook-fullstack\\client\\src\\utils\\formatPrice.ts": {"path":"C:\\Users\\vladi\\web\\code\\projects\\greenbook-fullstack\\client\\src\\utils\\formatPrice.ts","statementMap":{"0":{"start":{"line":2,"column":25},"end":{"line":2,"column":41}},"1":{"start":{"line":3,"column":2},"end":{"line":3,"column":32}}},"fnMap":{"0":{"name":"formatPrice","decl":{"start":{"line":1,"column":16},"end":{"line":1,"column":27}},"loc":{"start":{"line":1,"column":43},"end":{"line":4,"column":1}},"line":1}},"branchMap":{},"s":{"0":0,"1":0},"f":{"0":0},"b":{}}
}
