TN:
SF:src\App.tsx
FN:11,App
FN:14,(anonymous_1)
FN:15,(anonymous_2)
FNF:3
FNH:0
FNDA:0,App
FNDA:0,(anonymous_1)
FNDA:0,(anonymous_2)
DA:12,0
DA:14,0
DA:15,0
DA:16,0
DA:17,0
DA:18,0
DA:21,0
DA:25,0
LF:8
LH:0
BRF:0
BRH:0
end_of_record
TN:
SF:src\constants.ts
FNF:0
FNH:0
DA:1,0
DA:4,0
DA:5,0
DA:6,0
DA:7,0
DA:8,0
DA:10,0
DA:19,0
LF:8
LH:0
BRF:0
BRH:0
end_of_record
TN:
SF:src\main.tsx
FNF:0
FNH:0
DA:12,0
LF:1
LH:0
BRF:0
BRH:0
end_of_record
TN:
SF:src\types.ts
FNF:0
FNH:0
LF:0
LH:0
BRF:0
BRH:0
end_of_record
TN:
SF:src\vite-env.d.ts
FNF:0
FNH:0
LF:0
LH:0
BRF:0
BRH:0
end_of_record
TN:
SF:src\components\Layout.tsx
FN:8,Layout
FNF:1
FNH:0
FNDA:0,Layout
DA:9,0
LF:1
LH:0
BRDA:12,0,0,0
BRDA:12,0,1,0
BRF:2
BRH:0
end_of_record
TN:
SF:src\components\AuthForm\index.ts
FNF:0
FNH:0
LF:0
LH:0
BRF:0
BRH:0
end_of_record
TN:
SF:src\components\AuthForm\Button\index.tsx
FN:6,Button
FNF:1
FNH:0
FNDA:0,Button
DA:8,0
LF:1
LH:0
BRF:0
BRH:0
end_of_record
TN:
SF:src\components\AuthForm\Form\index.tsx
FN:11,Form
FNF:1
FNH:0
FNDA:0,Form
DA:12,0
LF:1
LH:0
BRF:0
BRH:0
end_of_record
TN:
SF:src\components\AuthForm\FormCheckbox\index.tsx
FN:5,FormCheckbox
FNF:1
FNH:0
FNDA:0,FormCheckbox
DA:7,0
LF:1
LH:0
BRF:0
BRH:0
end_of_record
TN:
SF:src\components\AuthForm\inputs\Input.tsx
FN:7,Input
FNF:1
FNH:0
FNDA:0,Input
DA:9,0
LF:1
LH:0
BRDA:7,0,0,0
BRDA:7,1,0,0
BRDA:12,2,0,0
BRDA:12,2,1,0
BRDA:14,3,0,0
BRDA:14,3,1,0
BRDA:14,3,2,0
BRF:7
BRH:0
end_of_record
TN:
SF:src\components\AuthForm\inputs\InputPassword.tsx
FN:10,InputPassword
FN:22,(anonymous_1)
FNF:2
FNH:0
FNDA:0,InputPassword
FNDA:0,(anonymous_1)
DA:11,0
DA:13,0
DA:22,0
LF:3
LH:0
BRDA:10,0,0,0
BRDA:10,1,0,0
BRDA:17,2,0,0
BRDA:17,2,1,0
BRDA:20,3,0,0
BRDA:20,3,1,0
BRDA:23,4,0,0
BRDA:23,4,1,0
BRDA:30,5,0,0
BRDA:30,5,1,0
BRDA:30,5,2,0
BRF:11
BRH:0
end_of_record
TN:
SF:src\components\Breadcrumbs\Item.tsx
FN:14,Item
FNF:1
FNH:0
FNDA:0,Item
DA:17,0
LF:1
LH:0
BRF:0
BRH:0
end_of_record
TN:
SF:src\components\Breadcrumbs\index.tsx
FN:10,Breadcrumbs
FN:18,(anonymous_1)
FNF:2
FNH:0
FNDA:0,Breadcrumbs
FNDA:0,(anonymous_1)
DA:12,0
DA:19,0
LF:2
LH:0
BRF:0
BRH:0
end_of_record
TN:
SF:src\components\Card\index.tsx
FN:14,Card
FN:17,handleAddToCart
FNF:2
FNH:0
FNDA:0,Card
FNDA:0,handleAddToCart
DA:15,0
DA:18,0
DA:21,0
LF:3
LH:0
BRF:0
BRH:0
end_of_record
TN:
SF:src\components\Footer\index.tsx
FN:6,Footer
FNF:1
FNH:0
FNDA:0,Footer
DA:8,0
LF:1
LH:0
BRF:0
BRH:0
end_of_record
TN:
SF:src\components\Footer\List\Item.tsx
FN:5,Item
FNF:1
FNH:0
FNDA:0,Item
DA:7,0
LF:1
LH:0
BRF:0
BRH:0
end_of_record
TN:
SF:src\components\Footer\List\List.tsx
FN:5,List
FNF:1
FNH:0
FNDA:0,List
DA:6,0
LF:1
LH:0
BRF:0
BRH:0
end_of_record
TN:
SF:src\components\Footer\List\Title.tsx
FN:4,Title
FNF:1
FNH:0
FNDA:0,Title
DA:6,0
LF:1
LH:0
BRF:0
BRH:0
end_of_record
TN:
SF:src\components\Footer\List\index.ts
FNF:0
FNH:0
LF:0
LH:0
BRF:0
BRH:0
end_of_record
TN:
SF:src\components\Header\HeaderBottom.tsx
FN:23,HeaderBottom
FN:28,handleLogout
FNF:2
FNH:0
FNDA:0,HeaderBottom
FNDA:0,handleLogout
DA:24,0
DA:25,0
DA:26,0
DA:29,0
DA:32,0
LF:5
LH:0
BRDA:53,0,0,0
BRDA:53,0,1,0
BRDA:58,1,0,0
BRDA:58,1,1,0
BRF:4
BRH:0
end_of_record
TN:
SF:src\components\Header\HeaderTop.tsx
FN:8,HeaderTop
FNF:1
FNH:0
FNDA:0,HeaderTop
DA:9,0
DA:11,0
LF:2
LH:0
BRDA:22,0,0,0
BRDA:22,0,1,0
BRF:2
BRH:0
end_of_record
TN:
SF:src\components\Header\Search.tsx
FN:6,Search
FNF:1
FNH:0
FNDA:0,Search
DA:7,0
LF:1
LH:0
BRF:0
BRH:0
end_of_record
TN:
SF:src\components\Header\index.tsx
FN:5,Header
FNF:1
FNH:0
FNDA:0,Header
DA:7,0
LF:1
LH:0
BRF:0
BRH:0
end_of_record
TN:
SF:src\components\Header\BurgerMenu\BurgerButton.tsx
FN:4,BurgerButton
FNF:1
FNH:0
FNDA:0,BurgerButton
DA:5,0
LF:1
LH:0
BRF:0
BRH:0
end_of_record
TN:
SF:src\components\Header\BurgerMenu\index.tsx
FN:11,BurgerMenu
FN:16,handleClick
FN:17,(anonymous_2)
FN:28,(anonymous_3)
FNF:4
FNH:0
FNDA:0,BurgerMenu
FNDA:0,handleClick
FNDA:0,(anonymous_2)
FNDA:0,(anonymous_3)
DA:12,0
DA:13,0
DA:17,0
DA:20,0
DA:29,0
LF:5
LH:0
BRF:0
BRH:0
end_of_record
TN:
SF:src\components\Loader\index.tsx
FN:13,Loader
FNF:1
FNH:0
FNDA:0,Loader
DA:16,0
LF:1
LH:0
BRDA:18,0,0,0
BRDA:18,0,1,0
BRDA:24,1,0,0
BRDA:24,1,1,0
BRF:4
BRH:0
end_of_record
TN:
SF:src\components\Pagination\ArrowButton.tsx
FN:9,ArrowButton
FNF:1
FNH:0
FNDA:0,ArrowButton
DA:10,0
DA:12,0
LF:2
LH:0
BRDA:10,0,0,0
BRDA:10,0,1,0
BRDA:14,1,0,0
BRDA:14,1,1,0
BRF:4
BRH:0
end_of_record
TN:
SF:src\components\Pagination\CurrentPageButton.tsx
FN:7,CurrentPageButton
FNF:1
FNH:0
FNDA:0,CurrentPageButton
DA:9,0
LF:1
LH:0
BRF:0
BRH:0
end_of_record
TN:
SF:src\components\Pagination\EllipsisButton.tsx
FN:6,EllipsisButton
FNF:1
FNH:0
FNDA:0,EllipsisButton
DA:8,0
LF:1
LH:0
BRF:0
BRH:0
end_of_record
TN:
SF:src\components\Pagination\Item.tsx
FN:28,Item
FNF:1
FNH:0
FNDA:0,Item
DA:14,0
DA:29,0
DA:31,0
LF:3
LH:0
BRF:0
BRH:0
end_of_record
TN:
SF:src\components\Pagination\PageButton.tsx
FN:5,PageButton
FN:6,handleClick
FNF:2
FNH:0
FNDA:0,PageButton
FNDA:0,handleClick
DA:7,0
DA:8,0
DA:12,0
LF:3
LH:0
BRDA:7,0,0,0
BRDA:7,0,1,0
BRF:2
BRH:0
end_of_record
TN:
SF:src\components\Pagination\index.tsx
FN:9,Pagination
FN:16,(anonymous_1)
FNF:2
FNH:0
FNDA:0,Pagination
FNDA:0,(anonymous_1)
DA:10,0
DA:13,0
DA:17,0
LF:3
LH:0
BRF:0
BRH:0
end_of_record
TN:
SF:src\components\Pagination\useItemProps.ts
FN:8,useItemProps
FN:15,handleClick
FN:16,(anonymous_2)
FN:26,addArrowButton
FN:41,(anonymous_4)
FNF:5
FNH:0
FNDA:0,useItemProps
FNDA:0,handleClick
FNDA:0,(anonymous_2)
FNDA:0,addArrowButton
FNDA:0,(anonymous_4)
DA:9,0
DA:10,0
DA:11,0
DA:16,0
DA:17,0
DA:18,0
DA:20,0
DA:22,0
DA:23,0
DA:27,0
DA:28,0
DA:30,0
DA:31,0
DA:33,0
DA:34,0
DA:37,0
DA:41,0
DA:42,0
DA:43,0
DA:44,0
DA:46,0
DA:47,0
DA:48,0
DA:49,0
DA:50,0
DA:51,0
DA:52,0
DA:53,0
DA:54,0
DA:57,0
DA:58,0
DA:63,0
DA:64,0
DA:69,0
DA:72,0
DA:73,0
DA:82,0
DA:83,0
DA:93,0
DA:94,0
DA:99,0
LF:41
LH:0
BRDA:11,0,0,0
BRDA:11,0,1,0
BRDA:17,1,0,0
BRDA:17,1,1,0
BRDA:30,2,0,0
BRDA:30,2,1,0
BRDA:33,3,0,0
BRDA:33,3,1,0
BRDA:46,4,0,0
BRDA:46,4,1,0
BRDA:49,5,0,0
BRDA:49,5,1,0
BRDA:52,6,0,0
BRDA:52,6,1,0
BRDA:63,7,0,0
BRDA:63,7,1,0
BRDA:72,8,0,0
BRDA:72,8,1,0
BRDA:82,9,0,0
BRDA:82,9,1,0
BRF:20
BRH:0
end_of_record
TN:
SF:src\components\UI\Accordion\Accordion.tsx
FN:9,Accordion
FNF:1
FNH:0
FNDA:0,Accordion
DA:10,0
LF:1
LH:0
BRF:0
BRH:0
end_of_record
TN:
SF:src\components\UI\Accordion\Button.tsx
FN:11,Button
FN:15,(anonymous_1)
FNF:2
FNH:0
FNDA:0,Button
FNDA:0,(anonymous_1)
DA:12,0
DA:14,0
DA:15,0
LF:3
LH:0
BRF:0
BRH:0
end_of_record
TN:
SF:src\components\UI\Accordion\Content.tsx
FN:5,Content
FN:10,(anonymous_1)
FNF:2
FNH:0
FNDA:0,Content
FNDA:0,(anonymous_1)
DA:6,0
DA:7,0
DA:8,0
DA:10,0
DA:11,0
DA:12,0
DA:14,0
DA:19,0
LF:8
LH:0
BRDA:8,0,0,0
BRDA:8,0,1,0
BRDA:11,1,0,0
BRDA:11,1,1,0
BRDA:11,2,0,0
BRDA:11,2,1,0
BRF:6
BRH:0
end_of_record
TN:
SF:src\components\UI\Accordion\Icon.tsx
FN:9,Icon
FNF:1
FNH:0
FNDA:0,Icon
DA:10,0
DA:13,0
LF:2
LH:0
BRDA:15,0,0,0
BRDA:15,0,1,0
BRF:2
BRH:0
end_of_record
TN:
SF:src\components\UI\Accordion\Item.tsx
FN:10,Item
FNF:1
FNH:0
FNDA:0,Item
DA:11,0
DA:13,0
LF:2
LH:0
BRF:0
BRH:0
end_of_record
TN:
SF:src\components\UI\Accordion\ItemContext.ts
FN:10,(anonymous_0)
FNF:1
FNH:0
FNDA:0,(anonymous_0)
DA:8,0
LF:1
LH:0
BRF:0
BRH:0
end_of_record
TN:
SF:src\components\UI\Accordion\index.ts
FNF:0
FNH:0
LF:0
LH:0
BRF:0
BRH:0
end_of_record
TN:
SF:src\components\UI\Checkbox\index.tsx
FN:11,Checkbox
FN:14,handleClick
FNF:2
FNH:0
FNDA:0,Checkbox
FNDA:0,handleClick
DA:12,0
DA:15,0
DA:16,0
DA:20,0
LF:4
LH:0
BRDA:15,0,0,0
BRDA:15,0,1,0
BRF:2
BRH:0
end_of_record
TN:
SF:src\components\UI\Modal\Portal.tsx
FN:4,usePortal
FNF:1
FNH:0
FNDA:0,usePortal
DA:6,0
LF:1
LH:0
BRF:0
BRH:0
end_of_record
TN:
SF:src\components\UI\Modal\index.tsx
FN:13,Modal
FN:16,(anonymous_1)
FN:29,handleClick
FNF:3
FNH:0
FNDA:0,Modal
FNDA:0,(anonymous_1)
FNDA:0,handleClick
DA:16,0
DA:17,0
DA:18,0
DA:19,0
DA:20,0
DA:22,0
DA:23,0
DA:25,0
DA:30,0
DA:31,0
DA:35,0
LF:11
LH:0
BRDA:17,0,0,0
BRDA:17,0,1,0
BRDA:22,1,0,0
BRDA:22,1,1,0
BRDA:30,2,0,0
BRDA:30,2,1,0
BRDA:37,3,0,0
BRDA:37,3,1,0
BRF:8
BRH:0
end_of_record
TN:
SF:src\components\UI\Radio\Group.tsx
FN:4,Group
FNF:1
FNH:0
FNDA:0,Group
DA:5,0
DA:7,0
LF:2
LH:0
BRF:0
BRH:0
end_of_record
TN:
SF:src\components\UI\Radio\Radio.tsx
FN:13,Radio
FN:16,(anonymous_1)
FN:22,handleChange
FNF:3
FNH:0
FNDA:0,Radio
FNDA:0,(anonymous_1)
FNDA:0,handleChange
DA:14,0
DA:16,0
DA:17,0
DA:18,0
DA:23,0
DA:27,0
LF:6
LH:0
BRDA:17,0,0,0
BRDA:17,0,1,0
BRF:2
BRH:0
end_of_record
TN:
SF:src\components\UI\Radio\RadioContext.ts
FN:11,(anonymous_0)
FNF:1
FNH:0
FNDA:0,(anonymous_0)
DA:9,0
LF:1
LH:0
BRF:0
BRH:0
end_of_record
TN:
SF:src\components\UI\Radio\index.ts
FNF:0
FNH:0
LF:0
LH:0
BRF:0
BRH:0
end_of_record
TN:
SF:src\data\index.tsx
FN:13,createProductsData
FN:42,(anonymous_1)
FN:47,(anonymous_2)
FN:52,(anonymous_3)
FN:57,(anonymous_4)
FN:62,(anonymous_5)
FN:67,(anonymous_6)
FN:72,(anonymous_7)
FN:77,(anonymous_8)
FN:82,(anonymous_9)
FNF:10
FNH:0
FNDA:0,createProductsData
FNDA:0,(anonymous_1)
FNDA:0,(anonymous_2)
FNDA:0,(anonymous_3)
FNDA:0,(anonymous_4)
FNDA:0,(anonymous_5)
FNDA:0,(anonymous_6)
FNDA:0,(anonymous_7)
FNDA:0,(anonymous_8)
FNDA:0,(anonymous_9)
DA:14,0
DA:16,0
DA:17,0
DA:32,0
DA:38,0
DA:42,0
DA:47,0
DA:52,0
DA:57,0
DA:62,0
DA:67,0
DA:72,0
DA:77,0
DA:82,0
DA:98,0
DA:138,0
LF:16
LH:0
BRF:0
BRH:0
end_of_record
TN:
SF:src\hooks\useApi.ts
FN:5,useApi
FN:10,(anonymous_1)
FNF:2
FNH:0
FNDA:0,useApi
FNDA:0,(anonymous_1)
DA:6,0
DA:7,0
DA:8,0
DA:10,0
DA:11,0
DA:12,0
DA:13,0
DA:14,0
DA:16,0
DA:18,0
DA:22,0
LF:11
LH:0
BRF:0
BRH:0
end_of_record
TN:
SF:src\hooks\useAuth.ts
FN:5,useAuth
FNF:1
FNH:0
FNDA:0,useAuth
DA:6,0
DA:8,0
LF:2
LH:0
BRF:0
BRH:0
end_of_record
TN:
SF:src\hooks\useFormField.ts
FN:22,UseFormField
FN:25,(anonymous_1)
FN:28,(anonymous_2)
FN:36,onBlur
FN:46,isValid
FN:64,(anonymous_5)
FNF:6
FNH:0
FNDA:0,UseFormField
FNDA:0,(anonymous_1)
FNDA:0,(anonymous_2)
FNDA:0,onBlur
FNDA:0,isValid
FNDA:0,(anonymous_5)
DA:23,0
DA:24,0
DA:25,0
DA:28,0
DA:29,0
DA:30,0
DA:37,0
DA:38,0
DA:39,0
DA:41,0
DA:42,0
DA:47,0
DA:48,0
DA:49,0
DA:51,0
DA:52,0
DA:54,0
DA:55,0
DA:58,0
DA:64,0
LF:20
LH:0
BRDA:22,0,0,0
BRDA:22,1,0,0
BRDA:29,2,0,0
BRDA:29,2,1,0
BRDA:38,3,0,0
BRDA:38,3,1,0
BRDA:48,4,0,0
BRDA:48,4,1,0
BRDA:51,5,0,0
BRDA:51,5,1,0
BRF:10
BRH:0
end_of_record
TN:
SF:src\hooks\useTypedReduxHooks.ts
FNF:0
FNH:0
DA:5,0
DA:6,0
LF:2
LH:0
BRF:0
BRH:0
end_of_record
TN:
SF:src\pages\Cart\index.tsx
FN:10,Cart
FN:15,(anonymous_1)
FN:17,(anonymous_2)
FNF:3
FNH:0
FNDA:0,Cart
FNDA:0,(anonymous_1)
FNDA:0,(anonymous_2)
DA:11,0
DA:12,0
DA:13,0
DA:15,0
DA:16,0
DA:17,0
DA:18,0
DA:20,0
DA:24,0
LF:9
LH:0
BRDA:26,0,0,0
BRDA:26,0,1,0
BRF:2
BRH:0
end_of_record
TN:
SF:src\pages\Cart\components\EmptyCart.tsx
FN:7,EmptyCart
FNF:1
FNH:0
FNDA:0,EmptyCart
DA:8,0
LF:1
LH:0
BRF:0
BRH:0
end_of_record
TN:
SF:src\pages\Cart\components\Order.tsx
FN:7,Order
FNF:1
FNH:0
FNDA:0,Order
DA:8,0
LF:1
LH:0
BRF:0
BRH:0
end_of_record
TN:
SF:src\pages\Cart\components\CartList\Count.tsx
FN:12,Count
FN:17,(anonymous_1)
FN:22,handleButton
FN:23,(anonymous_3)
FN:30,handleChange
FN:36,handleBlur
FNF:6
FNH:0
FNDA:0,Count
FNDA:0,(anonymous_1)
FNDA:0,handleButton
FNDA:0,(anonymous_3)
FNDA:0,handleChange
FNDA:0,handleBlur
DA:13,0
DA:14,0
DA:17,0
DA:18,0
DA:23,0
DA:24,0
DA:25,0
DA:26,0
DA:31,0
DA:32,0
DA:33,0
DA:37,0
DA:38,0
DA:39,0
DA:40,0
DA:42,0
DA:47,0
LF:17
LH:0
BRDA:24,0,0,0
BRDA:24,0,1,0
BRDA:32,1,0,0
BRDA:32,1,1,0
BRDA:37,2,0,0
BRDA:37,2,1,0
BRF:6
BRH:0
end_of_record
TN:
SF:src\pages\Cart\components\CartList\Item.tsx
FN:11,Item
FN:16,handleRemove
FNF:2
FNH:0
FNDA:0,Item
FNDA:0,handleRemove
DA:12,0
DA:13,0
DA:17,0
DA:20,0
LF:4
LH:0
BRF:0
BRH:0
end_of_record
TN:
SF:src\pages\Cart\components\CartList\index.tsx
FN:7,CartList
FN:10,handleCartUpdate
FN:34,(anonymous_2)
FNF:3
FNH:0
FNDA:0,CartList
FNDA:0,handleCartUpdate
FNDA:0,(anonymous_2)
DA:8,0
DA:11,0
DA:14,0
DA:35,0
LF:4
LH:0
BRF:0
BRH:0
end_of_record
TN:
SF:src\pages\Catalog\index.tsx
FN:17,Catalog
FN:26,(anonymous_1)
FN:27,(anonymous_2)
FN:34,(anonymous_3)
FNF:4
FNH:0
FNDA:0,Catalog
FNDA:0,(anonymous_1)
FNDA:0,(anonymous_2)
FNDA:0,(anonymous_3)
DA:16,0
DA:18,0
DA:19,0
DA:20,0
DA:21,0
DA:22,0
DA:23,0
DA:26,0
DA:27,0
DA:28,0
DA:29,0
DA:30,0
DA:34,0
DA:35,0
DA:36,0
DA:38,0
DA:43,0
LF:17
LH:0
BRDA:28,0,0,0
BRDA:28,0,1,0
BRDA:35,1,0,0
BRDA:35,1,1,0
BRDA:46,2,0,0
BRDA:46,2,1,0
BRDA:52,3,0,0
BRDA:52,3,1,0
BRF:8
BRH:0
end_of_record
TN:
SF:src\pages\Catalog\components\ProductList.tsx
FN:12,ProductList
FN:17,(anonymous_1)
FNF:2
FNH:0
FNDA:0,ProductList
FNDA:0,(anonymous_1)
DA:14,0
DA:18,0
LF:2
LH:0
BRF:0
BRH:0
end_of_record
TN:
SF:src\pages\Catalog\components\Filter\FilterAccordionButton.tsx
FN:5,FilterAccordionButton
FNF:1
FNH:0
FNDA:0,FilterAccordionButton
DA:6,0
LF:1
LH:0
BRF:0
BRH:0
end_of_record
TN:
SF:src\pages\Catalog\components\Filter\Genres.tsx
FN:8,Genres
FN:14,(anonymous_1)
FN:18,(anonymous_2)
FNF:3
FNH:0
FNDA:0,Genres
FNDA:0,(anonymous_1)
FNDA:0,(anonymous_2)
DA:9,0
DA:11,0
DA:15,0
DA:18,0
LF:4
LH:0
BRDA:18,0,0,0
BRDA:18,0,1,0
BRF:2
BRH:0
end_of_record
TN:
SF:src\pages\Catalog\components\Filter\Price.tsx
FN:12,Price
FN:16,getPriceRange
FN:28,setPriceParam
FN:37,handleChangePrice
FN:38,(anonymous_4)
FN:39,(anonymous_5)
FN:42,isValidPriceMin
FN:44,(anonymous_7)
FN:47,(anonymous_8)
FN:51,isValidPriceMax
FN:53,(anonymous_10)
FN:56,(anonymous_11)
FNF:12
FNH:0
FNDA:0,Price
FNDA:0,getPriceRange
FNDA:0,setPriceParam
FNDA:0,handleChangePrice
FNDA:0,(anonymous_4)
FNDA:0,(anonymous_5)
FNDA:0,isValidPriceMin
FNDA:0,(anonymous_7)
FNDA:0,(anonymous_8)
FNDA:0,isValidPriceMax
FNDA:0,(anonymous_10)
FNDA:0,(anonymous_11)
DA:13,0
DA:14,0
DA:17,0
DA:18,0
DA:19,0
DA:21,0
DA:22,0
DA:29,0
DA:30,0
DA:32,0
DA:34,0
DA:38,0
DA:39,0
DA:43,0
DA:44,0
DA:46,0
DA:47,0
DA:49,0
DA:52,0
DA:53,0
DA:55,0
DA:56,0
DA:58,0
DA:61,0
LF:24
LH:0
BRDA:18,0,0,0
BRDA:18,0,1,0
BRDA:29,1,0,0
BRDA:29,1,1,0
BRDA:29,2,0,0
BRDA:29,2,1,0
BRDA:43,3,0,0
BRDA:43,3,1,0
BRDA:46,4,0,0
BRDA:46,4,1,0
BRDA:52,5,0,0
BRDA:52,5,1,0
BRDA:55,6,0,0
BRDA:55,6,1,0
BRF:14
BRH:0
end_of_record
TN:
SF:src\pages\Catalog\components\Filter\index.tsx
FN:9,Filter
FN:12,(anonymous_1)
FN:13,(anonymous_2)
FN:20,(anonymous_3)
FNF:4
FNH:0
FNDA:0,Filter
FNDA:0,(anonymous_1)
FNDA:0,(anonymous_2)
FNDA:0,(anonymous_3)
DA:11,0
DA:12,0
DA:13,0
DA:16,0
DA:21,0
LF:5
LH:0
BRF:0
BRH:0
end_of_record
TN:
SF:src\pages\Error\NotFound.tsx
FN:6,NotFound
FNF:1
FNH:0
FNDA:0,NotFound
DA:7,0
LF:1
LH:0
BRF:0
BRH:0
end_of_record
TN:
SF:src\pages\Error\index.tsx
FN:7,Error
FNF:1
FNH:0
FNDA:0,Error
DA:8,0
DA:10,0
LF:2
LH:0
BRF:0
BRH:0
end_of_record
TN:
SF:src\pages\Home\index.tsx
FN:4,Home
FNF:1
FNH:0
FNDA:0,Home
DA:6,0
LF:1
LH:0
BRF:0
BRH:0
end_of_record
TN:
SF:src\pages\Home\components\ProductList.tsx
FN:11,ProductList
FN:14,(anonymous_1)
FN:22,(anonymous_2)
FNF:3
FNH:0
FNDA:0,ProductList
FNDA:0,(anonymous_1)
FNDA:0,(anonymous_2)
DA:12,0
DA:14,0
DA:15,0
DA:18,0
DA:23,0
LF:5
LH:0
BRDA:20,0,0,0
BRDA:20,0,1,0
BRF:2
BRH:0
end_of_record
TN:
SF:src\pages\Login\LoginForm.tsx
FN:12,LoginForm
FN:18,handleSubmit
FNF:2
FNH:0
FNDA:0,LoginForm
FNDA:0,handleSubmit
DA:13,0
DA:14,0
DA:15,0
DA:16,0
DA:19,0
DA:20,0
DA:21,0
DA:22,0
DA:23,0
DA:26,0
DA:27,0
DA:28,0
DA:30,0
DA:31,0
DA:35,0
DA:36,0
DA:37,0
DA:39,0
DA:45,0
LF:19
LH:0
BRDA:22,0,0,0
BRDA:22,0,1,0
BRDA:22,1,0,0
BRDA:22,1,1,0
BRDA:31,2,0,0
BRDA:31,2,1,0
BRDA:31,2,2,0
BRDA:31,2,3,0
BRF:8
BRH:0
end_of_record
TN:
SF:src\pages\Login\index.tsx
FN:6,Login
FNF:1
FNH:0
FNDA:0,Login
DA:8,0
LF:1
LH:0
BRF:0
BRH:0
end_of_record
TN:
SF:src\pages\Signup\RegisterForm.tsx
FN:12,RegisterForm
FN:17,(anonymous_1)
FN:21,(anonymous_2)
FN:25,(anonymous_3)
FN:29,handleSubmit
FNF:5
FNH:0
FNDA:0,RegisterForm
FNDA:0,(anonymous_1)
FNDA:0,(anonymous_2)
FNDA:0,(anonymous_3)
FNDA:0,handleSubmit
DA:13,0
DA:14,0
DA:15,0
DA:17,0
DA:19,0
DA:21,0
DA:23,0
DA:25,0
DA:30,0
DA:31,0
DA:32,0
DA:33,0
DA:34,0
DA:35,0
DA:38,0
DA:39,0
DA:40,0
DA:42,0
DA:43,0
DA:47,0
DA:48,0
DA:49,0
DA:51,0
DA:52,0
DA:53,0
DA:55,0
DA:60,0
LF:27
LH:0
BRDA:34,0,0,0
BRDA:34,0,1,0
BRDA:34,1,0,0
BRDA:34,1,1,0
BRDA:34,1,2,0
BRDA:43,2,0,0
BRDA:43,2,1,0
BRDA:43,2,2,0
BRDA:43,2,3,0
BRDA:43,2,4,0
BRF:10
BRH:0
end_of_record
TN:
SF:src\pages\Signup\index.tsx
FN:6,Signup
FNF:1
FNH:0
FNDA:0,Signup
DA:8,0
LF:1
LH:0
BRF:0
BRH:0
end_of_record
TN:
SF:src\routes\PrivateRoute.tsx
FNF:0
FNH:0
LF:0
LH:0
BRF:0
BRH:0
end_of_record
TN:
SF:src\routes\index.tsx
FN:20,(anonymous_0)
FNF:1
FNH:0
FNDA:0,(anonymous_0)
DA:11,0
DA:20,0
LF:2
LH:0
BRF:0
BRH:0
end_of_record
TN:
SF:src\services\index.ts
FNF:0
FNH:0
LF:0
LH:0
BRF:0
BRH:0
end_of_record
TN:
SF:src\services\api\auth.ts
FN:22,authResponseAdapter
FN:35,refreshTokenResponseAdapter
FN:43,register
FN:77,login
FN:113,logout
FN:123,refreshToken
FNF:6
FNH:0
FNDA:0,authResponseAdapter
FNDA:0,refreshTokenResponseAdapter
FNDA:0,register
FNDA:0,login
FNDA:0,logout
FNDA:0,refreshToken
DA:23,0
DA:36,0
DA:44,0
DA:45,0
DA:46,0
DA:48,0
DA:49,0
DA:50,0
DA:52,0
DA:57,0
DA:62,0
DA:67,0
DA:73,0
DA:78,0
DA:79,0
DA:80,0
DA:82,0
DA:84,0
DA:85,0
DA:87,0
DA:92,0
DA:97,0
DA:102,0
DA:109,0
DA:114,0
DA:115,0
DA:116,0
DA:118,0
DA:119,0
DA:124,0
DA:125,0
DA:126,0
DA:127,0
DA:129,0
DA:130,0
LF:35
LH:0
BRDA:49,0,0,0
BRDA:49,0,1,0
BRDA:50,1,0,0
BRDA:50,1,1,0
BRDA:50,1,2,0
BRDA:50,1,3,0
BRDA:84,2,0,0
BRDA:84,2,1,0
BRDA:85,3,0,0
BRDA:85,3,1,0
BRDA:85,3,2,0
BRDA:85,3,3,0
BRF:12
BRH:0
end_of_record
TN:
SF:src\services\api\books.ts
FN:11,bookResponseAdepter
FN:26,BooksByGenreResponseAdepter
FN:27,(anonymous_2)
FN:35,BooksRecommendedResponseAdepter
FN:36,(anonymous_4)
FN:49,getBooksByGenre
FN:66,getBooksRecommended
FNF:7
FNH:0
FNDA:0,bookResponseAdepter
FNDA:0,BooksByGenreResponseAdepter
FNDA:0,(anonymous_2)
FNDA:0,BooksRecommendedResponseAdepter
FNDA:0,(anonymous_4)
FNDA:0,getBooksByGenre
FNDA:0,getBooksRecommended
DA:12,0
DA:27,0
DA:29,0
DA:36,0
DA:50,0
DA:51,0
DA:57,0
DA:58,0
DA:60,0
DA:61,0
DA:67,0
DA:68,0
DA:72,0
DA:73,0
DA:75,0
DA:76,0
LF:16
LH:0
BRF:0
BRH:0
end_of_record
TN:
SF:src\services\api\cart.ts
FN:24,cartItemResponseAdapter
FN:33,cartResponseAdapter
FN:35,(anonymous_2)
FN:47,cartRequestAdapter
FN:48,(anonymous_4)
FN:57,getCart
FN:67,createCart
FN:78,addCartItem
FN:89,removeCartItem
FN:100,updateCartItem
FNF:10
FNH:0
FNDA:0,cartItemResponseAdapter
FNDA:0,cartResponseAdapter
FNDA:0,(anonymous_2)
FNDA:0,cartRequestAdapter
FNDA:0,(anonymous_4)
FNDA:0,getCart
FNDA:0,createCart
FNDA:0,addCartItem
FNDA:0,removeCartItem
FNDA:0,updateCartItem
DA:25,0
DA:34,0
DA:35,0
DA:36,0
DA:37,0
DA:40,0
DA:48,0
DA:53,0
DA:58,0
DA:59,0
DA:60,0
DA:62,0
DA:63,0
DA:68,0
DA:69,0
DA:70,0
DA:71,0
DA:73,0
DA:74,0
DA:79,0
DA:80,0
DA:81,0
DA:82,0
DA:84,0
DA:85,0
DA:90,0
DA:91,0
DA:92,0
DA:95,0
DA:96,0
DA:101,0
DA:102,0
DA:103,0
DA:104,0
DA:106,0
DA:107,0
LF:36
LH:0
BRF:0
BRH:0
end_of_record
TN:
SF:src\services\api\genres.ts
FN:12,genresResponseAdepter
FN:13,(anonymous_1)
FN:23,getGenres
FNF:3
FNH:0
FNDA:0,genresResponseAdepter
FNDA:0,(anonymous_1)
FNDA:0,getGenres
DA:13,0
DA:14,0
DA:24,0
DA:25,0
DA:26,0
DA:28,0
DA:29,0
LF:7
LH:0
BRF:0
BRH:0
end_of_record
TN:
SF:src\services\api\index.ts
FNF:0
FNH:0
LF:0
LH:0
BRF:0
BRH:0
end_of_record
TN:
SF:src\services\api\mainApi.ts
FN:13,(anonymous_0)
FN:19,(anonymous_1)
FN:43,(anonymous_2)
FNF:3
FNH:0
FNDA:0,(anonymous_0)
FNDA:0,(anonymous_1)
FNDA:0,(anonymous_2)
DA:7,0
DA:12,0
DA:14,0
DA:15,0
DA:19,0
DA:42,0
DA:44,0
DA:45,0
DA:47,0
DA:52,0
DA:53,0
DA:56,0
LF:12
LH:0
BRDA:47,0,0,0
BRDA:47,0,1,0
BRDA:48,1,0,0
BRDA:48,1,1,0
BRDA:48,1,2,0
BRF:5
BRH:0
end_of_record
TN:
SF:src\services\api\user.ts
FN:4,getUser
FNF:1
FNH:0
FNDA:0,getUser
DA:5,0
DA:6,0
DA:7,0
DA:9,0
DA:10,0
LF:5
LH:0
BRF:0
BRH:0
end_of_record
TN:
SF:src\services\localStorage\createLocalStorageController.ts
FN:1,createLocalStorageController
FN:4,(anonymous_1)
FN:7,(anonymous_2)
FN:11,(anonymous_3)
FNF:4
FNH:0
FNDA:0,createLocalStorageController
FNDA:0,(anonymous_1)
FNDA:0,(anonymous_2)
FNDA:0,(anonymous_3)
DA:2,0
DA:5,0
DA:8,0
DA:9,0
DA:12,0
LF:5
LH:0
BRDA:8,0,0,0
BRDA:8,0,1,0
BRF:2
BRH:0
end_of_record
TN:
SF:src\services\localStorage\index.ts
FNF:0
FNH:0
DA:4,0
DA:5,0
LF:2
LH:0
BRF:0
BRH:0
end_of_record
TN:
SF:src\store\store.ts
FNF:0
FNH:0
DA:6,0
LF:1
LH:0
BRF:0
BRH:0
end_of_record
TN:
SF:src\store\cart\cart.slice.ts
FN:17,(anonymous_0)
FN:35,(anonymous_1)
FN:38,(anonymous_2)
FN:45,(anonymous_3)
FN:66,(anonymous_4)
FN:77,(anonymous_5)
FN:100,(anonymous_6)
FN:108,(anonymous_7)
FN:117,(anonymous_8)
FN:122,(anonymous_9)
FN:139,(anonymous_10)
FN:149,(anonymous_11)
FN:175,(anonymous_12)
FN:177,(anonymous_13)
FN:183,(anonymous_14)
FN:184,(anonymous_15)
FNF:16
FNH:0
FNDA:0,(anonymous_0)
FNDA:0,(anonymous_1)
FNDA:0,(anonymous_2)
FNDA:0,(anonymous_3)
FNDA:0,(anonymous_4)
FNDA:0,(anonymous_5)
FNDA:0,(anonymous_6)
FNDA:0,(anonymous_7)
FNDA:0,(anonymous_8)
FNDA:0,(anonymous_9)
FNDA:0,(anonymous_10)
FNDA:0,(anonymous_11)
FNDA:0,(anonymous_12)
FNDA:0,(anonymous_13)
FNDA:0,(anonymous_14)
FNDA:0,(anonymous_15)
DA:15,0
DA:18,0
DA:20,0
DA:21,0
DA:22,0
DA:25,0
DA:26,0
DA:27,0
DA:29,0
DA:33,0
DA:36,0
DA:38,0
DA:39,0
DA:43,0
DA:46,0
DA:47,0
DA:49,0
DA:50,0
DA:51,0
DA:54,0
DA:55,0
DA:60,0
DA:61,0
DA:64,0
DA:67,0
DA:68,0
DA:70,0
DA:71,0
DA:75,0
DA:78,0
DA:79,0
DA:81,0
DA:82,0
DA:88,0
DA:90,0
DA:96,0
DA:101,0
DA:103,0
DA:104,0
DA:105,0
DA:106,0
DA:109,0
DA:111,0
DA:112,0
DA:113,0
DA:115,0
DA:118,0
DA:119,0
DA:120,0
DA:123,0
DA:124,0
DA:127,0
DA:135,0
DA:136,0
DA:137,0
DA:140,0
DA:141,0
DA:142,0
DA:145,0
DA:146,0
DA:147,0
DA:150,0
DA:151,0
DA:153,0
DA:154,0
DA:155,0
DA:156,0
DA:170,0
DA:174,0
DA:175,0
DA:176,0
DA:178,0
DA:183,0
DA:184,0
LF:74
LH:0
BRDA:20,0,0,0
BRDA:20,0,1,0
BRDA:49,1,0,0
BRDA:49,1,1,0
BRDA:54,2,0,0
BRDA:54,2,1,0
BRDA:70,3,0,0
BRDA:70,3,1,0
BRDA:81,4,0,0
BRDA:81,4,1,0
BRDA:111,5,0,0
BRDA:111,5,1,0
BRDA:123,6,0,0
BRDA:123,6,1,0
BRDA:141,7,0,0
BRDA:141,7,1,0
BRF:16
BRH:0
end_of_record
TN:
SF:src\store\genres\genres.slice.ts
FN:19,(anonymous_0)
FN:31,(anonymous_1)
FN:32,(anonymous_2)
FN:39,(anonymous_3)
FNF:4
FNH:0
FNDA:0,(anonymous_0)
FNDA:0,(anonymous_1)
FNDA:0,(anonymous_2)
FNDA:0,(anonymous_3)
DA:13,0
DA:17,0
DA:20,0
DA:21,0
DA:23,0
DA:27,0
DA:32,0
DA:33,0
DA:39,0
LF:9
LH:0
BRF:0
BRH:0
end_of_record
TN:
SF:src\store\userData\userData.slice.ts
FN:33,(anonymous_0)
FN:44,(anonymous_1)
FN:57,(anonymous_2)
FN:58,(anonymous_3)
FN:65,(anonymous_4)
FN:85,(anonymous_5)
FN:91,(anonymous_6)
FN:97,(anonymous_7)
FN:98,(anonymous_8)
FN:101,(anonymous_9)
FN:105,(anonymous_10)
FN:121,(anonymous_11)
FN:122,(anonymous_12)
FN:123,(anonymous_13)
FNF:14
FNH:0
FNDA:0,(anonymous_0)
FNDA:0,(anonymous_1)
FNDA:0,(anonymous_2)
FNDA:0,(anonymous_3)
FNDA:0,(anonymous_4)
FNDA:0,(anonymous_5)
FNDA:0,(anonymous_6)
FNDA:0,(anonymous_7)
FNDA:0,(anonymous_8)
FNDA:0,(anonymous_9)
FNDA:0,(anonymous_10)
FNDA:0,(anonymous_11)
FNDA:0,(anonymous_12)
FNDA:0,(anonymous_13)
DA:9,0
DA:19,0
DA:31,0
DA:34,0
DA:35,0
DA:36,0
DA:37,0
DA:39,0
DA:42,0
DA:45,0
DA:46,0
DA:47,0
DA:48,0
DA:49,0
DA:51,0
DA:55,0
DA:58,0
DA:59,0
DA:60,0
DA:63,0
DA:66,0
DA:67,0
DA:68,0
DA:71,0
DA:72,0
DA:74,0
DA:81,0
DA:86,0
DA:87,0
DA:88,0
DA:89,0
DA:92,0
DA:93,0
DA:94,0
DA:98,0
DA:99,0
DA:101,0
DA:102,0
DA:103,0
DA:105,0
DA:106,0
DA:107,0
DA:108,0
DA:109,0
DA:111,0
DA:112,0
DA:120,0
DA:121,0
DA:122,0
DA:123,0
LF:50
LH:0
BRDA:21,0,0,0
BRDA:21,0,1,0
BRDA:67,1,0,0
BRDA:67,1,1,0
BRDA:106,2,0,0
BRDA:106,2,1,0
BRF:6
BRH:0
end_of_record
TN:
SF:src\utils\formatPrice.ts
FN:1,formatPrice
FNF:1
FNH:0
FNDA:0,formatPrice
DA:2,0
DA:3,0
LF:2
LH:0
BRF:0
BRH:0
end_of_record
